Log file open, 08/23/20 13:35:56
LogInit: Display: Running engine for game: DiscVision
LogPlatformFile: Not using cached read wrapper
LogTaskGraph: Started task graph with 5 named threads and 23 total threads with 3 sets of task threads.
LogStats: Stats thread started at 0.188926
LogD3D11RHI: Loaded GFSDK_Aftermath_Lib.x64.dll
LogICUInternationalization: ICU TimeZone Detection - Raw Offset: -5:00, Platform Override: ''
LogPluginManager: Mounting plugin Paper2D
LogPluginManager: Mounting plugin AISupport
LogPluginManager: Mounting plugin LightPropagationVolume
LogPluginManager: Mounting plugin CameraShakePreviewer
LogPluginManager: Mounting plugin ActorLayerUtilities
LogPluginManager: Mounting plugin AnimationSharing
LogPluginManager: Mounting plugin CLionSourceCodeAccess
LogPluginManager: Mounting plugin CodeLiteSourceCodeAccess
LogPluginManager: Mounting plugin GitSourceControl
LogPluginManager: Mounting plugin KDevelopSourceCodeAccess
LogPluginManager: Mounting plugin NullSourceCodeAccess
LogPluginManager: Mounting plugin PerforceSourceControl
LogPluginManager: Mounting plugin PlasticSourceControl
LogPluginManager: Mounting plugin RiderSourceCodeAccess
LogPluginManager: Mounting plugin SubversionSourceControl
LogPluginManager: Mounting plugin UObjectPlugin
LogPluginManager: Mounting plugin VisualStudioCodeSourceCodeAccess
LogPluginManager: Mounting plugin VisualStudioSourceCodeAccess
LogPluginManager: Mounting plugin XCodeSourceCodeAccess
LogPluginManager: Mounting plugin AssetManagerEditor
LogPluginManager: Mounting plugin CryptoKeys
LogPluginManager: Mounting plugin CurveEditorTools
LogPluginManager: Mounting plugin DataValidation
LogPluginManager: Mounting plugin EditorScriptingUtilities
LogPluginManager: Mounting plugin FacialAnimation
LogPluginManager: Mounting plugin GameplayTagsEditor
LogPluginManager: Mounting plugin GeometryMode
LogPluginManager: Mounting plugin MacGraphicsSwitching
LogPluginManager: Mounting plugin MaterialAnalyzer
LogPluginManager: Mounting plugin MobileLauncherProfileWizard
LogPluginManager: Mounting plugin PluginBrowser
LogPluginManager: Mounting plugin SpeedTreeImporter
LogPluginManager: Mounting plugin DatasmithContent
LogPluginManager: Mounting plugin VariantManagerContent
LogPluginManager: Mounting plugin AlembicImporter
LogPluginManager: Mounting plugin AutomationUtils
LogPluginManager: Mounting plugin BackChannel
LogPluginManager: Mounting plugin ChaosCloth
LogPluginManager: Mounting plugin ChaosClothEditor
LogPluginManager: Mounting plugin ChaosEditor
LogPluginManager: Mounting plugin ChaosNiagara
LogPluginManager: Mounting plugin ChaosSolverPlugin
LogPluginManager: Mounting plugin CharacterAI
LogPluginManager: Mounting plugin GeometryCache
LogPluginManager: Mounting plugin GeometryCollectionPlugin
LogPluginManager: Mounting plugin GeometryProcessing
LogPluginManager: Mounting plugin PlanarCut
LogPluginManager: Mounting plugin PlatformCrypto
LogPluginManager: Mounting plugin ProxyLODPlugin
LogPluginManager: Mounting plugin SkeletalReduction
LogPluginManager: Mounting plugin Niagara
LogPluginManager: Mounting plugin MagicLeap
LogPluginManager: Mounting plugin MagicLeapLightEstimation
LogPluginManager: Mounting plugin MagicLeapMedia
LogPluginManager: Mounting plugin MagicLeapPassableWorld
LogPluginManager: Mounting plugin MLSDK
LogPluginManager: Mounting plugin AndroidMedia
LogPluginManager: Mounting plugin AvfMedia
LogPluginManager: Mounting plugin ImgMedia
LogPluginManager: Mounting plugin MediaCompositing
LogPluginManager: Mounting plugin MediaPlayerEditor
LogPluginManager: Mounting plugin WebMMedia
LogPluginManager: Mounting plugin WmfMedia
LogPluginManager: Mounting plugin MeshPainting
LogPluginManager: Mounting plugin TcpMessaging
LogPluginManager: Mounting plugin UdpMessaging
LogPluginManager: Mounting plugin ActorSequence
LogPluginManager: Mounting plugin LevelSequenceEditor
LogPluginManager: Mounting plugin MatineeToLevelSequence
LogPluginManager: Mounting plugin MovieRenderPipeline
LogPluginManager: Mounting plugin TemplateSequence
LogPluginManager: Mounting plugin NetcodeUnitTest
LogPluginManager: Mounting plugin NUTUnrealEngine4
LogPluginManager: Mounting plugin OnlineSubsystemGooglePlay
LogPluginManager: Mounting plugin OnlineSubsystemIOS
LogPluginManager: Mounting plugin OnlineSubsystem
LogPluginManager: Mounting plugin OnlineSubsystemNull
LogPluginManager: Mounting plugin OnlineSubsystemUtils
LogPluginManager: Mounting plugin LauncherChunkInstaller
LogPluginManager: Mounting plugin AndroidDeviceProfileSelector
LogPluginManager: Mounting plugin AndroidMoviePlayer
LogPluginManager: Mounting plugin AndroidPermission
LogPluginManager: Mounting plugin AppleImageUtils
LogPluginManager: Mounting plugin AppleMoviePlayer
LogPluginManager: Mounting plugin ArchVisCharacter
LogPluginManager: Mounting plugin AssetTags
LogPluginManager: Mounting plugin AudioCapture
LogPluginManager: Mounting plugin CableComponent
LogPluginManager: Mounting plugin CustomMeshComponent
LogPluginManager: Mounting plugin EditableMesh
LogPluginManager: Mounting plugin ExampleDeviceProfileSelector
LogPluginManager: Mounting plugin GoogleCloudMessaging
LogPluginManager: Mounting plugin GooglePAD
LogPluginManager: Mounting plugin IOSDeviceProfileSelector
LogPluginManager: Mounting plugin LinuxDeviceProfileSelector
LogPluginManager: Mounting plugin LocationServicesBPLibrary
LogPluginManager: Mounting plugin MobilePatchingUtils
LogPluginManager: Mounting plugin OculusVR
LogPluginManager: Mounting plugin PhysXVehicles
LogPluginManager: Mounting plugin PostSplashScreen
LogPluginManager: Mounting plugin ProceduralMeshComponent
LogPluginManager: Mounting plugin RuntimePhysXCooking
LogPluginManager: Mounting plugin SignificanceManager
LogPluginManager: Mounting plugin SoundFields
LogPluginManager: Mounting plugin SteamVR
LogPluginManager: Mounting plugin Synthesis
LogPluginManager: Mounting plugin WebMMoviePlayer
LogPluginManager: Mounting plugin WindowsMoviePlayer
LogPluginManager: Mounting plugin ScreenshotTools
LogInit: Using libcurl 7.55.1-DEV
LogInit:  - built for x86_64-pc-win32
LogInit:  - supports SSL with OpenSSL/1.1.1
LogInit:  - supports HTTP deflate (compression) using libz 1.2.8
LogInit:  - other features:
LogInit:      CURL_VERSION_SSL
LogInit:      CURL_VERSION_LIBZ
LogInit:      CURL_VERSION_IPV6
LogInit:      CURL_VERSION_ASYNCHDNS
LogInit:      CURL_VERSION_LARGEFILE
LogInit:      CURL_VERSION_IDN
LogInit:  CurlRequestOptions (configurable via config and command line):
LogInit:  - bVerifyPeer = true  - Libcurl will verify peer certificate
LogInit:  - bUseHttpProxy = false  - Libcurl will NOT use HTTP proxy
LogInit:  - bDontReuseConnections = false  - Libcurl will reuse connections
LogInit:  - MaxHostConnections = 16  - Libcurl will limit the number of connections to a host
LogInit:  - LocalHostAddr = Default
LogInit:  - BufferSize = 65536
LogOnline: OSS: Creating online subsystem instance for: NULL
LogInit: WinSock: version 1.1 (2.2), MaxSocks=32767, MaxUdp=65467
LogOnline: OSS: TryLoadSubsystemAndSetDefault: Loaded subsystem for module [NULL]
LogInit: Build: ++UE4+Release-4.25-CL-13942748
LogInit: Engine Version: 4.25.3-13942748+++UE4+Release-4.25
LogInit: Compatible Engine Version: 4.25.0-13144385+++UE4+Release-4.25
LogInit: Net CL: 13144385
LogInit: OS: Windows 10 (Release 2004) (), CPU:        Intel(R) Core(TM) i7-2600K CPU @ 3.40GHz, GPU: NVIDIA GeForce GTX 970
LogInit: Compiled (64-bit): Jul 25 2020 02:07:48
LogInit: Compiled with Visual C++: 19.24.28315.00
LogInit: Build Configuration: Development
LogInit: Branch Name: ++UE4+Release-4.25
LogInit: Command Line: 
LogInit: Base Directory: C:/Program Files/Epic Games/UE_4.25/Engine/Binaries/Win64/
LogInit: Allocator: TBB
LogInit: Installed Engine Build: 1
LogDevObjectVersion: Number of dev versions registered: 26
LogDevObjectVersion:   Dev-Blueprints (B0D832E4-1F89-4F0D-ACCF-7EB736FD4AA2): 10
LogDevObjectVersion:   Dev-Build (E1C64328-A22C-4D53-A36C-8E866417BD8C): 0
LogDevObjectVersion:   Dev-Core (375EC13C-06E4-48FB-B500-84F0262A717E): 4
LogDevObjectVersion:   Dev-Editor (E4B068ED-F494-42E9-A231-DA0B2E46BB41): 38
LogDevObjectVersion:   Dev-Framework (CFFC743F-43B0-4480-9391-14DF171D2073): 37
LogDevObjectVersion:   Dev-Mobile (B02B49B5-BB20-44E9-A304-32B752E40360): 2
LogDevObjectVersion:   Dev-Networking (A4E4105C-59A1-49B5-A7C5-40C4547EDFEE): 0
LogDevObjectVersion:   Dev-Online (39C831C9-5AE6-47DC-9A44-9C173E1C8E7C): 0
LogDevObjectVersion:   Dev-Physics (78F01B33-EBEA-4F98-B9B4-84EACCB95AA2): 4
LogDevObjectVersion:   Dev-Platform (6631380F-2D4D-43E0-8009-CF276956A95A): 0
LogDevObjectVersion:   Dev-Rendering (12F88B9F-8875-4AFC-A67C-D90C383ABD29): 43
LogDevObjectVersion:   Dev-Sequencer (7B5AE74C-D270-4C10-A958-57980B212A5A): 12
LogDevObjectVersion:   Dev-VR (D7296918-1DD6-4BDD-9DE2-64A83CC13884): 3
LogDevObjectVersion:   Dev-LoadTimes (C2A15278-BFE7-4AFE-6C17-90FF531DF755): 1
LogDevObjectVersion:   Private-Geometry (6EACA3D4-40EC-4CC1-B786-8BED09428FC5): 3
LogDevObjectVersion:   Dev-AnimPhys (29E575DD-E0A3-4627-9D10-D276232CDCEA): 17
LogDevObjectVersion:   Dev-Anim (AF43A65D-7FD3-4947-9873-3E8ED9C1BB05): 7
LogDevObjectVersion:   Dev-ReflectionCapture (6B266CEC-1EC7-4B8F-A30B-E4D90942FC07): 1
LogDevObjectVersion:   Dev-Automation (0DF73D61-A23F-47EA-B727-89E90C41499A): 1
LogDevObjectVersion:   FortniteMain (601D1886-AC64-4F84-AA16-D3DE0DEAC7D6): 31
LogDevObjectVersion:   Dev-Enterprise (9DFFBCD6-494F-0158-E221-12823C92A888): 10
LogDevObjectVersion:   Dev-Niagara (F2AED0AC-9AFE-416F-8664-AA7FFA26D6FC): 1
LogDevObjectVersion:   Dev-Destruction (174F1F0B-B4C6-45A5-B13F-2EE8D0FB917D): 10
LogDevObjectVersion:   Dev-Physics-Ext (35F94A83-E258-406C-A318-09F59610247C): 37
LogDevObjectVersion:   Dev-PhysicsMaterial-Chaos (B68FC16E-8B1B-42E2-B453-215C058844FE): 1
LogDevObjectVersion:   Dev-CineCamera (B2E18506-4273-CFC2-A54E-F4BB758BBA07): 1
LogInit: Presizing for max 25165824 objects, including 0 objects not considered by GC, pre-allocating 0 bytes for permanent pool.
LogConfig: Applying CVar settings from Section [/Script/Engine.StreamingSettings] File [C:/Users/frogg/Documents/DiscVisionDeluxe/DiscVision/Saved/Config/Windows/Engine.ini]
LogConfig: Setting CVar [[s.MinBulkDataSizeForAsyncLoading:131072]]
LogConfig: Setting CVar [[s.AsyncLoadingThreadEnabled:0]]
LogConfig: Setting CVar [[s.EventDrivenLoaderEnabled:1]]
LogConfig: Setting CVar [[s.WarnIfTimeLimitExceeded:0]]
LogConfig: Setting CVar [[s.TimeLimitExceededMultiplier:1.5]]
LogConfig: Setting CVar [[s.TimeLimitExceededMinTime:0.005]]
LogConfig: Setting CVar [[s.UseBackgroundLevelStreaming:1]]
LogConfig: Setting CVar [[s.PriorityAsyncLoadingExtraTime:15.0]]
LogConfig: Setting CVar [[s.LevelStreamingActorsUpdateTimeLimit:5.0]]
LogConfig: Setting CVar [[s.PriorityLevelStreamingActorsUpdateExtraTime:5.0]]
LogConfig: Setting CVar [[s.LevelStreamingComponentsRegistrationGranularity:10]]
LogConfig: Setting CVar [[s.UnregisterComponentsTimeLimit:1.0]]
LogConfig: Setting CVar [[s.LevelStreamingComponentsUnregistrationGranularity:5]]
LogConfig: Setting CVar [[s.FlushStreamingOnExit:1]]
LogInit: Object subsystem initialized
LogConfig: Setting CVar [[con.DebugEarlyDefault:1]]
LogConfig: Setting CVar [[r.setres:1280x720]]
[2020.08.23-17.35.56:947][  0]LogConfig: Setting CVar [[r.VSync:0]]
[2020.08.23-17.35.56:947][  0]LogConfig: Setting CVar [[r.RHICmdBypass:0]]
[2020.08.23-17.35.56:947][  0]LogConfig: Applying CVar settings from Section [/Script/Engine.RendererSettings] File [C:/Users/frogg/Documents/DiscVisionDeluxe/DiscVision/Saved/Config/Windows/Engine.ini]
[2020.08.23-17.35.56:947][  0]LogConfig: Setting CVar [[r.GPUCrashDebugging:0]]
[2020.08.23-17.35.56:947][  0]LogConfig: Applying CVar settings from Section [/Script/Engine.RendererOverrideSettings] File [C:/Users/frogg/Documents/DiscVisionDeluxe/DiscVision/Saved/Config/Windows/Engine.ini]
[2020.08.23-17.35.56:947][  0]LogConfig: Applying CVar settings from Section [/Script/Engine.StreamingSettings] File [C:/Users/frogg/Documents/DiscVisionDeluxe/DiscVision/Saved/Config/Windows/Engine.ini]
[2020.08.23-17.35.56:947][  0]LogConfig: Setting CVar [[s.MinBulkDataSizeForAsyncLoading:131072]]
[2020.08.23-17.35.56:947][  0]LogConfig: Setting CVar [[s.AsyncLoadingThreadEnabled:0]]
[2020.08.23-17.35.56:947][  0]LogConfig: Setting CVar [[s.EventDrivenLoaderEnabled:1]]
[2020.08.23-17.35.56:947][  0]LogConfig: Setting CVar [[s.WarnIfTimeLimitExceeded:0]]
[2020.08.23-17.35.56:947][  0]LogConfig: Setting CVar [[s.TimeLimitExceededMultiplier:1.5]]
[2020.08.23-17.35.56:947][  0]LogConfig: Setting CVar [[s.TimeLimitExceededMinTime:0.005]]
[2020.08.23-17.35.56:947][  0]LogConfig: Setting CVar [[s.UseBackgroundLevelStreaming:1]]
[2020.08.23-17.35.56:947][  0]LogConfig: Setting CVar [[s.PriorityAsyncLoadingExtraTime:15.0]]
[2020.08.23-17.35.56:947][  0]LogConfig: Setting CVar [[s.LevelStreamingActorsUpdateTimeLimit:5.0]]
[2020.08.23-17.35.56:947][  0]LogConfig: Setting CVar [[s.PriorityLevelStreamingActorsUpdateExtraTime:5.0]]
[2020.08.23-17.35.56:947][  0]LogConfig: Setting CVar [[s.LevelStreamingComponentsRegistrationGranularity:10]]
[2020.08.23-17.35.56:947][  0]LogConfig: Setting CVar [[s.UnregisterComponentsTimeLimit:1.0]]
[2020.08.23-17.35.56:947][  0]LogConfig: Setting CVar [[s.LevelStreamingComponentsUnregistrationGranularity:5]]
[2020.08.23-17.35.56:947][  0]LogConfig: Setting CVar [[s.FlushStreamingOnExit:1]]
[2020.08.23-17.35.56:947][  0]LogConfig: Applying CVar settings from Section [/Script/Engine.GarbageCollectionSettings] File [C:/Users/frogg/Documents/DiscVisionDeluxe/DiscVision/Saved/Config/Windows/Engine.ini]
[2020.08.23-17.35.56:947][  0]LogConfig: Setting CVar [[gc.MaxObjectsNotConsideredByGC:1]]
[2020.08.23-17.35.56:947][  0]LogConfig: Setting CVar [[gc.SizeOfPermanentObjectPool:0]]
[2020.08.23-17.35.56:947][  0]LogConfig: Setting CVar [[gc.FlushStreamingOnGC:0]]
[2020.08.23-17.35.56:947][  0]LogConfig: Setting CVar [[gc.NumRetriesBeforeForcingGC:10]]
[2020.08.23-17.35.56:947][  0]LogConfig: Setting CVar [[gc.AllowParallelGC:1]]
[2020.08.23-17.35.56:947][  0]LogConfig: Setting CVar [[gc.TimeBetweenPurgingPendingKillObjects:61.1]]
[2020.08.23-17.35.56:947][  0]LogConfig: Setting CVar [[gc.MaxObjectsInEditor:25165824]]
[2020.08.23-17.35.56:947][  0]LogConfig: Setting CVar [[gc.IncrementalBeginDestroyEnabled:1]]
[2020.08.23-17.35.56:947][  0]LogConfig: Setting CVar [[gc.CreateGCClusters:1]]
[2020.08.23-17.35.56:947][  0]LogConfig: Setting CVar [[gc.MinGCClusterSize:5]]
[2020.08.23-17.35.56:947][  0]LogConfig: Setting CVar [[gc.ActorClusteringEnabled:0]]
[2020.08.23-17.35.56:947][  0]LogConfig: Setting CVar [[gc.BlueprintClusteringEnabled:0]]
[2020.08.23-17.35.56:947][  0]LogConfig: Setting CVar [[gc.UseDisregardForGCOnDedicatedServers:0]]
[2020.08.23-17.35.56:947][  0]LogConfig: Applying CVar settings from Section [/Script/Engine.NetworkSettings] File [C:/Users/frogg/Documents/DiscVisionDeluxe/DiscVision/Saved/Config/Windows/Engine.ini]
[2020.08.23-17.35.56:947][  0]LogConfig: Applying CVar settings from Section [/Script/UnrealEd.CookerSettings] File [C:/Users/frogg/Documents/DiscVisionDeluxe/DiscVision/Saved/Config/Windows/Engine.ini]
[2020.08.23-17.35.56:953][  0]LogConfig: Applying CVar settings from Section [ViewDistanceQuality@3] File [C:/Users/frogg/Documents/DiscVisionDeluxe/DiscVision/Saved/Config/Windows/Scalability.ini]
[2020.08.23-17.35.56:953][  0]LogConfig: Setting CVar [[r.SkeletalMeshLODBias:0]]
[2020.08.23-17.35.56:953][  0]LogConfig: Setting CVar [[r.ViewDistanceScale:1.0]]
[2020.08.23-17.35.56:953][  0]LogConfig: Applying CVar settings from Section [AntiAliasingQuality@3] File [C:/Users/frogg/Documents/DiscVisionDeluxe/DiscVision/Saved/Config/Windows/Scalability.ini]
[2020.08.23-17.35.56:953][  0]LogConfig: Setting CVar [[r.PostProcessAAQuality:4]]
[2020.08.23-17.35.56:953][  0]LogConfig: Applying CVar settings from Section [ShadowQuality@3] File [C:/Users/frogg/Documents/DiscVisionDeluxe/DiscVision/Saved/Config/Windows/Scalability.ini]
[2020.08.23-17.35.56:953][  0]LogConfig: Setting CVar [[r.LightFunctionQuality:1]]
[2020.08.23-17.35.56:953][  0]LogConfig: Setting CVar [[r.ShadowQuality:5]]
[2020.08.23-17.35.56:953][  0]LogConfig: Setting CVar [[r.Shadow.CSM.MaxCascades:10]]
[2020.08.23-17.35.56:953][  0]LogConfig: Setting CVar [[r.Shadow.MaxResolution:2048]]
[2020.08.23-17.35.56:953][  0]LogConfig: Setting CVar [[r.Shadow.MaxCSMResolution:2048]]
[2020.08.23-17.35.56:953][  0]LogConfig: Setting CVar [[r.Shadow.RadiusThreshold:0.01]]
[2020.08.23-17.35.56:953][  0]LogConfig: Setting CVar [[r.Shadow.DistanceScale:1.0]]
[2020.08.23-17.35.56:953][  0]LogConfig: Setting CVar [[r.Shadow.CSM.TransitionScale:1.0]]
[2020.08.23-17.35.56:953][  0]LogConfig: Setting CVar [[r.Shadow.PreShadowResolutionFactor:1.0]]
[2020.08.23-17.35.56:953][  0]LogConfig: Setting CVar [[r.DistanceFieldShadowing:1]]
[2020.08.23-17.35.56:953][  0]LogConfig: Setting CVar [[r.DistanceFieldAO:1]]
[2020.08.23-17.35.56:953][  0]LogConfig: Setting CVar [[r.AOQuality:2]]
[2020.08.23-17.35.56:953][  0]LogConfig: Setting CVar [[r.VolumetricFog:1]]
[2020.08.23-17.35.56:954][  0]LogConfig: Setting CVar [[r.VolumetricFog.GridPixelSize:8]]
[2020.08.23-17.35.56:954][  0]LogConfig: Setting CVar [[r.VolumetricFog.GridSizeZ:128]]
[2020.08.23-17.35.56:954][  0]LogConfig: Setting CVar [[r.VolumetricFog.HistoryMissSupersampleCount:4]]
[2020.08.23-17.35.56:954][  0]LogConfig: Setting CVar [[r.LightMaxDrawDistanceScale:1]]
[2020.08.23-17.35.56:954][  0]LogConfig: Setting CVar [[r.CapsuleShadows:1]]
[2020.08.23-17.35.56:954][  0]LogConfig: Applying CVar settings from Section [PostProcessQuality@3] File [C:/Users/frogg/Documents/DiscVisionDeluxe/DiscVision/Saved/Config/Windows/Scalability.ini]
[2020.08.23-17.35.56:954][  0]LogConfig: Setting CVar [[r.MotionBlurQuality:4]]
[2020.08.23-17.35.56:954][  0]LogConfig: Setting CVar [[r.AmbientOcclusionMipLevelFactor:0.4]]
[2020.08.23-17.35.56:954][  0]LogConfig: Setting CVar [[r.AmbientOcclusionMaxQuality:100]]
[2020.08.23-17.35.56:954][  0]LogConfig: Setting CVar [[r.AmbientOcclusionLevels:-1]]
[2020.08.23-17.35.56:954][  0]LogConfig: Setting CVar [[r.AmbientOcclusionRadiusScale:1.0]]
[2020.08.23-17.35.56:954][  0]LogConfig: Setting CVar [[r.DepthOfFieldQuality:2]]
[2020.08.23-17.35.56:954][  0]LogConfig: Setting CVar [[r.RenderTargetPoolMin:400]]
[2020.08.23-17.35.56:954][  0]LogConfig: Setting CVar [[r.LensFlareQuality:2]]
[2020.08.23-17.35.56:954][  0]LogConfig: Setting CVar [[r.SceneColorFringeQuality:1]]
[2020.08.23-17.35.56:954][  0]LogConfig: Setting CVar [[r.EyeAdaptationQuality:2]]
[2020.08.23-17.35.56:954][  0]LogConfig: Setting CVar [[r.BloomQuality:5]]
[2020.08.23-17.35.56:954][  0]LogConfig: Setting CVar [[r.FastBlurThreshold:100]]
[2020.08.23-17.35.56:954][  0]LogConfig: Setting CVar [[r.Upscale.Quality:3]]
[2020.08.23-17.35.56:954][  0]LogConfig: Setting CVar [[r.Tonemapper.GrainQuantization:1]]
[2020.08.23-17.35.56:954][  0]LogConfig: Setting CVar [[r.LightShaftQuality:1]]
[2020.08.23-17.35.56:954][  0]LogConfig: Setting CVar [[r.Filter.SizeScale:1]]
[2020.08.23-17.35.56:954][  0]LogConfig: Setting CVar [[r.Tonemapper.Quality:5]]
[2020.08.23-17.35.56:954][  0]LogConfig: Setting CVar [[r.DOF.Gather.AccumulatorQuality:1        ; higher gathering accumulator quality]]
[2020.08.23-17.35.56:954][  0]LogConfig: Setting CVar [[r.DOF.Gather.PostfilterMethod:1          ; Median3x3 postfilering method]]
[2020.08.23-17.35.56:954][  0]LogConfig: Setting CVar [[r.DOF.Gather.EnableBokehSettings:0       ; no bokeh simulation when gathering]]
[2020.08.23-17.35.56:954][  0]LogConfig: Setting CVar [[r.DOF.Gather.RingCount:4                 ; medium number of samples when gathering]]
[2020.08.23-17.35.56:954][  0]LogConfig: Setting CVar [[r.DOF.Scatter.ForegroundCompositing:1    ; additive foreground scattering]]
[2020.08.23-17.35.56:954][  0]LogConfig: Setting CVar [[r.DOF.Scatter.BackgroundCompositing:2    ; additive background scattering]]
[2020.08.23-17.35.56:954][  0]LogConfig: Setting CVar [[r.DOF.Scatter.EnableBokehSettings:1      ; bokeh simulation when scattering]]
[2020.08.23-17.35.56:954][  0]LogConfig: Setting CVar [[r.DOF.Scatter.MaxSpriteRatio:0.1         ; only a maximum of 10% of scattered bokeh]]
[2020.08.23-17.35.56:954][  0]LogConfig: Setting CVar [[r.DOF.Recombine.Quality:1                ; cheap slight out of focus]]
[2020.08.23-17.35.56:954][  0]LogConfig: Setting CVar [[r.DOF.Recombine.EnableBokehSettings:0    ; no bokeh simulation on slight out of focus]]
[2020.08.23-17.35.56:954][  0]LogConfig: Setting CVar [[r.DOF.TemporalAAQuality:1                ; more stable temporal accumulation]]
[2020.08.23-17.35.56:954][  0]LogConfig: Setting CVar [[r.DOF.Kernel.MaxForegroundRadius:0.025]]
[2020.08.23-17.35.56:954][  0]LogConfig: Setting CVar [[r.DOF.Kernel.MaxBackgroundRadius:0.025]]
[2020.08.23-17.35.56:954][  0]LogConfig: Applying CVar settings from Section [TextureQuality@3] File [C:/Users/frogg/Documents/DiscVisionDeluxe/DiscVision/Saved/Config/Windows/Scalability.ini]
[2020.08.23-17.35.56:954][  0]LogConfig: Setting CVar [[r.Streaming.MipBias:0]]
[2020.08.23-17.35.56:954][  0]LogConfig: Setting CVar [[r.Streaming.AmortizeCPUToGPUCopy:0]]
[2020.08.23-17.35.56:954][  0]LogConfig: Setting CVar [[r.Streaming.MaxNumTexturesToStreamPerFrame:0]]
[2020.08.23-17.35.56:954][  0]LogConfig: Setting CVar [[r.Streaming.Boost:1]]
[2020.08.23-17.35.56:954][  0]LogConfig: Setting CVar [[r.MaxAnisotropy:8]]
[2020.08.23-17.35.56:954][  0]LogConfig: Setting CVar [[r.VT.MaxAnisotropy:8]]
[2020.08.23-17.35.56:954][  0]LogConfig: Setting CVar [[r.Streaming.LimitPoolSizeToVRAM:0]]
[2020.08.23-17.35.56:954][  0]LogConfig: Setting CVar [[r.Streaming.PoolSize:1000]]
[2020.08.23-17.35.56:954][  0]LogConfig: Setting CVar [[r.Streaming.MaxEffectiveScreenSize:0]]
[2020.08.23-17.35.56:954][  0]LogConfig: Applying CVar settings from Section [EffectsQuality@3] File [C:/Users/frogg/Documents/DiscVisionDeluxe/DiscVision/Saved/Config/Windows/Scalability.ini]
[2020.08.23-17.35.56:954][  0]LogConfig: Setting CVar [[r.TranslucencyLightingVolumeDim:64]]
[2020.08.23-17.35.56:954][  0]LogConfig: Setting CVar [[r.RefractionQuality:2]]
[2020.08.23-17.35.56:954][  0]LogConfig: Setting CVar [[r.SSR.Quality:3]]
[2020.08.23-17.35.56:954][  0]LogConfig: Setting CVar [[r.SSR.HalfResSceneColor:0]]
[2020.08.23-17.35.56:954][  0]LogConfig: Setting CVar [[r.SceneColorFormat:4]]
[2020.08.23-17.35.56:954][  0]LogConfig: Setting CVar [[r.DetailMode:2]]
[2020.08.23-17.35.56:954][  0]LogConfig: Setting CVar [[r.TranslucencyVolumeBlur:1]]
[2020.08.23-17.35.56:954][  0]LogConfig: Setting CVar [[r.MaterialQualityLevel:1 ; High quality]]
[2020.08.23-17.35.56:954][  0]LogConfig: Setting CVar [[r.SSS.Scale:1]]
[2020.08.23-17.35.56:954][  0]LogConfig: Setting CVar [[r.SSS.SampleSet:2]]
[2020.08.23-17.35.56:954][  0]LogConfig: Setting CVar [[r.SSS.Quality:1]]
[2020.08.23-17.35.56:954][  0]LogConfig: Setting CVar [[r.SSS.HalfRes:0]]
[2020.08.23-17.35.56:954][  0]LogConfig: Setting CVar [[r.SSGI.Quality:3]]
[2020.08.23-17.35.56:954][  0]LogConfig: Setting CVar [[r.EmitterSpawnRateScale:1.0]]
[2020.08.23-17.35.56:954][  0]LogConfig: Setting CVar [[r.ParticleLightQuality:2]]
[2020.08.23-17.35.56:954][  0]LogConfig: Setting CVar [[r.SkyAtmosphere.AerialPerspectiveLUT.FastApplyOnOpaque:1 ; Always have FastSkyLUT 1 in this case to avoid wrong sky]]
[2020.08.23-17.35.56:954][  0]LogConfig: Setting CVar [[r.SkyAtmosphere.AerialPerspectiveLUT.SampleCountPerSlice:1]]
[2020.08.23-17.35.56:954][  0]LogConfig: Setting CVar [[r.SkyAtmosphere.AerialPerspectiveLUT.DepthResolution:16.0]]
[2020.08.23-17.35.56:954][  0]LogConfig: Setting CVar [[r.SkyAtmosphere.FastSkyLUT:1]]
[2020.08.23-17.35.56:954][  0]LogConfig: Setting CVar [[r.SkyAtmosphere.FastSkyLUT.SampleCountMin:4.0]]
[2020.08.23-17.35.56:954][  0]LogConfig: Setting CVar [[r.SkyAtmosphere.FastSkyLUT.SampleCountMax:32.0]]
[2020.08.23-17.35.56:954][  0]LogConfig: Setting CVar [[r.SkyAtmosphere.SampleCountMin:4.0]]
[2020.08.23-17.35.56:954][  0]LogConfig: Setting CVar [[r.SkyAtmosphere.SampleCountMax:32.0]]
[2020.08.23-17.35.56:954][  0]LogConfig: Setting CVar [[r.SkyAtmosphere.TransmittanceLUT.UseSmallFormat:0]]
[2020.08.23-17.35.56:954][  0]LogConfig: Setting CVar [[r.SkyAtmosphere.TransmittanceLUT.SampleCount:10.0]]
[2020.08.23-17.35.56:954][  0]LogConfig: Setting CVar [[r.SkyAtmosphere.MultiScatteringLUT.SampleCount:15.0]]
[2020.08.23-17.35.56:955][  0]LogConfig: Applying CVar settings from Section [FoliageQuality@3] File [C:/Users/frogg/Documents/DiscVisionDeluxe/DiscVision/Saved/Config/Windows/Scalability.ini]
[2020.08.23-17.35.56:955][  0]LogConfig: Setting CVar [[foliage.DensityScale:1.0]]
[2020.08.23-17.35.56:955][  0]LogConfig: Setting CVar [[grass.DensityScale:1.0]]
[2020.08.23-17.35.56:955][  0]LogConfig: Applying CVar settings from Section [ShadingQuality@3] File [C:/Users/frogg/Documents/DiscVisionDeluxe/DiscVision/Saved/Config/Windows/Scalability.ini]
[2020.08.23-17.35.56:955][  0]LogConfig: Setting CVar [[r.HairStrands.SkyLighting.SampleCount:16]]
[2020.08.23-17.35.56:955][  0]LogConfig: Setting CVar [[r.HairStrands.SkyLighting.JitterIntegration:0]]
[2020.08.23-17.35.56:955][  0]LogConfig: Setting CVar [[r.HairStrands.SkyAO.SampleCount:16]]
[2020.08.23-17.35.56:955][  0]LogConfig: Setting CVar [[r.HairStrands.DeepShadow.SuperSampling:0]]
[2020.08.23-17.35.56:955][  0]LogConfig: Setting CVar [[r.HairStrands.VisibilityPPLL:0]]
[2020.08.23-17.35.56:955][  0]LogConfig: Setting CVar [[r.HairStrands.RasterizationScale:0.5]]
[2020.08.23-17.35.56:955][  0]LogConfig: Setting CVar [[r.HairStrands.VelocityRasterizationScale:1]]
[2020.08.23-17.35.56:955][  0]LogInit: Selected Device Profile: [Windows]
[2020.08.23-17.35.56:955][  0]LogInit: Applying CVar settings loaded from the selected device profile: [Windows]
[2020.08.23-17.35.56:955][  0]LogHAL: Display: Platform has ~ 8 GB [8555487232 / 8589934592 / 8], which maps to Default [LargestMinGB=32, LargerMinGB=12, DefaultMinGB=8, SmallerMinGB=6, SmallestMinGB=0)
[2020.08.23-17.35.56:955][  0]LogInit: Going up to parent DeviceProfile []
[2020.08.23-17.35.56:955][  0]LogConfig: Applying CVar settings from Section [ViewDistanceQuality@3] File [C:/Users/frogg/Documents/DiscVisionDeluxe/DiscVision/Saved/Config/Windows/Scalability.ini]
[2020.08.23-17.35.56:955][  0]LogConfig: Setting CVar [[r.SkeletalMeshLODBias:0]]
[2020.08.23-17.35.56:955][  0]LogConfig: Setting CVar [[r.ViewDistanceScale:1.0]]
[2020.08.23-17.35.56:955][  0]LogConfig: Applying CVar settings from Section [AntiAliasingQuality@3] File [C:/Users/frogg/Documents/DiscVisionDeluxe/DiscVision/Saved/Config/Windows/Scalability.ini]
[2020.08.23-17.35.56:955][  0]LogConfig: Setting CVar [[r.PostProcessAAQuality:4]]
[2020.08.23-17.35.56:955][  0]LogConfig: Applying CVar settings from Section [ShadowQuality@3] File [C:/Users/frogg/Documents/DiscVisionDeluxe/DiscVision/Saved/Config/Windows/Scalability.ini]
[2020.08.23-17.35.56:955][  0]LogConfig: Setting CVar [[r.LightFunctionQuality:1]]
[2020.08.23-17.35.56:955][  0]LogConfig: Setting CVar [[r.ShadowQuality:5]]
[2020.08.23-17.35.56:955][  0]LogConfig: Setting CVar [[r.Shadow.CSM.MaxCascades:10]]
[2020.08.23-17.35.56:955][  0]LogConfig: Setting CVar [[r.Shadow.MaxResolution:2048]]
[2020.08.23-17.35.56:955][  0]LogConfig: Setting CVar [[r.Shadow.MaxCSMResolution:2048]]
[2020.08.23-17.35.56:955][  0]LogConfig: Setting CVar [[r.Shadow.RadiusThreshold:0.01]]
[2020.08.23-17.35.56:955][  0]LogConfig: Setting CVar [[r.Shadow.DistanceScale:1.0]]
[2020.08.23-17.35.56:955][  0]LogConfig: Setting CVar [[r.Shadow.CSM.TransitionScale:1.0]]
[2020.08.23-17.35.56:955][  0]LogConfig: Setting CVar [[r.Shadow.PreShadowResolutionFactor:1.0]]
[2020.08.23-17.35.56:955][  0]LogConfig: Setting CVar [[r.DistanceFieldShadowing:1]]
[2020.08.23-17.35.56:955][  0]LogConfig: Setting CVar [[r.DistanceFieldAO:1]]
[2020.08.23-17.35.56:955][  0]LogConfig: Setting CVar [[r.AOQuality:2]]
[2020.08.23-17.35.56:955][  0]LogConfig: Setting CVar [[r.VolumetricFog:1]]
[2020.08.23-17.35.56:955][  0]LogConfig: Setting CVar [[r.VolumetricFog.GridPixelSize:8]]
[2020.08.23-17.35.56:955][  0]LogConfig: Setting CVar [[r.VolumetricFog.GridSizeZ:128]]
[2020.08.23-17.35.56:955][  0]LogConfig: Setting CVar [[r.VolumetricFog.HistoryMissSupersampleCount:4]]
[2020.08.23-17.35.56:955][  0]LogConfig: Setting CVar [[r.LightMaxDrawDistanceScale:1]]
[2020.08.23-17.35.56:955][  0]LogConfig: Setting CVar [[r.CapsuleShadows:1]]
[2020.08.23-17.35.56:955][  0]LogConfig: Applying CVar settings from Section [PostProcessQuality@3] File [C:/Users/frogg/Documents/DiscVisionDeluxe/DiscVision/Saved/Config/Windows/Scalability.ini]
[2020.08.23-17.35.56:955][  0]LogConfig: Setting CVar [[r.MotionBlurQuality:4]]
[2020.08.23-17.35.56:955][  0]LogConfig: Setting CVar [[r.AmbientOcclusionMipLevelFactor:0.4]]
[2020.08.23-17.35.56:955][  0]LogConfig: Setting CVar [[r.AmbientOcclusionMaxQuality:100]]
[2020.08.23-17.35.56:955][  0]LogConfig: Setting CVar [[r.AmbientOcclusionLevels:-1]]
[2020.08.23-17.35.56:955][  0]LogConfig: Setting CVar [[r.AmbientOcclusionRadiusScale:1.0]]
[2020.08.23-17.35.56:955][  0]LogConfig: Setting CVar [[r.DepthOfFieldQuality:2]]
[2020.08.23-17.35.56:955][  0]LogConfig: Setting CVar [[r.RenderTargetPoolMin:400]]
[2020.08.23-17.35.56:955][  0]LogConfig: Setting CVar [[r.LensFlareQuality:2]]
[2020.08.23-17.35.56:955][  0]LogConfig: Setting CVar [[r.SceneColorFringeQuality:1]]
[2020.08.23-17.35.56:955][  0]LogConfig: Setting CVar [[r.EyeAdaptationQuality:2]]
[2020.08.23-17.35.56:955][  0]LogConfig: Setting CVar [[r.BloomQuality:5]]
[2020.08.23-17.35.56:955][  0]LogConfig: Setting CVar [[r.FastBlurThreshold:100]]
[2020.08.23-17.35.56:955][  0]LogConfig: Setting CVar [[r.Upscale.Quality:3]]
[2020.08.23-17.35.56:955][  0]LogConfig: Setting CVar [[r.Tonemapper.GrainQuantization:1]]
[2020.08.23-17.35.56:955][  0]LogConfig: Setting CVar [[r.LightShaftQuality:1]]
[2020.08.23-17.35.56:955][  0]LogConfig: Setting CVar [[r.Filter.SizeScale:1]]
[2020.08.23-17.35.56:955][  0]LogConfig: Setting CVar [[r.Tonemapper.Quality:5]]
[2020.08.23-17.35.56:955][  0]LogConfig: Setting CVar [[r.DOF.Gather.AccumulatorQuality:1        ; higher gathering accumulator quality]]
[2020.08.23-17.35.56:955][  0]LogConfig: Setting CVar [[r.DOF.Gather.PostfilterMethod:1          ; Median3x3 postfilering method]]
[2020.08.23-17.35.56:955][  0]LogConfig: Setting CVar [[r.DOF.Gather.EnableBokehSettings:0       ; no bokeh simulation when gathering]]
[2020.08.23-17.35.56:955][  0]LogConfig: Setting CVar [[r.DOF.Gather.RingCount:4                 ; medium number of samples when gathering]]
[2020.08.23-17.35.56:955][  0]LogConfig: Setting CVar [[r.DOF.Scatter.ForegroundCompositing:1    ; additive foreground scattering]]
[2020.08.23-17.35.56:955][  0]LogConfig: Setting CVar [[r.DOF.Scatter.BackgroundCompositing:2    ; additive background scattering]]
[2020.08.23-17.35.56:955][  0]LogConfig: Setting CVar [[r.DOF.Scatter.EnableBokehSettings:1      ; bokeh simulation when scattering]]
[2020.08.23-17.35.56:956][  0]LogConfig: Setting CVar [[r.DOF.Scatter.MaxSpriteRatio:0.1         ; only a maximum of 10% of scattered bokeh]]
[2020.08.23-17.35.56:956][  0]LogConfig: Setting CVar [[r.DOF.Recombine.Quality:1                ; cheap slight out of focus]]
[2020.08.23-17.35.56:956][  0]LogConfig: Setting CVar [[r.DOF.Recombine.EnableBokehSettings:0    ; no bokeh simulation on slight out of focus]]
[2020.08.23-17.35.56:956][  0]LogConfig: Setting CVar [[r.DOF.TemporalAAQuality:1                ; more stable temporal accumulation]]
[2020.08.23-17.35.56:956][  0]LogConfig: Setting CVar [[r.DOF.Kernel.MaxForegroundRadius:0.025]]
[2020.08.23-17.35.56:956][  0]LogConfig: Setting CVar [[r.DOF.Kernel.MaxBackgroundRadius:0.025]]
[2020.08.23-17.35.56:956][  0]LogConfig: Applying CVar settings from Section [TextureQuality@3] File [C:/Users/frogg/Documents/DiscVisionDeluxe/DiscVision/Saved/Config/Windows/Scalability.ini]
[2020.08.23-17.35.56:956][  0]LogConfig: Setting CVar [[r.Streaming.MipBias:0]]
[2020.08.23-17.35.56:956][  0]LogConfig: Setting CVar [[r.Streaming.AmortizeCPUToGPUCopy:0]]
[2020.08.23-17.35.56:956][  0]LogConfig: Setting CVar [[r.Streaming.MaxNumTexturesToStreamPerFrame:0]]
[2020.08.23-17.35.56:956][  0]LogConfig: Setting CVar [[r.Streaming.Boost:1]]
[2020.08.23-17.35.56:956][  0]LogConfig: Setting CVar [[r.MaxAnisotropy:8]]
[2020.08.23-17.35.56:956][  0]LogConfig: Setting CVar [[r.VT.MaxAnisotropy:8]]
[2020.08.23-17.35.56:956][  0]LogConfig: Setting CVar [[r.Streaming.LimitPoolSizeToVRAM:0]]
[2020.08.23-17.35.56:956][  0]LogConfig: Setting CVar [[r.Streaming.PoolSize:1000]]
[2020.08.23-17.35.56:956][  0]LogConfig: Setting CVar [[r.Streaming.MaxEffectiveScreenSize:0]]
[2020.08.23-17.35.56:956][  0]LogConfig: Applying CVar settings from Section [EffectsQuality@3] File [C:/Users/frogg/Documents/DiscVisionDeluxe/DiscVision/Saved/Config/Windows/Scalability.ini]
[2020.08.23-17.35.56:956][  0]LogConfig: Setting CVar [[r.TranslucencyLightingVolumeDim:64]]
[2020.08.23-17.35.56:956][  0]LogConfig: Setting CVar [[r.RefractionQuality:2]]
[2020.08.23-17.35.56:956][  0]LogConfig: Setting CVar [[r.SSR.Quality:3]]
[2020.08.23-17.35.56:956][  0]LogConfig: Setting CVar [[r.SSR.HalfResSceneColor:0]]
[2020.08.23-17.35.56:956][  0]LogConfig: Setting CVar [[r.SceneColorFormat:4]]
[2020.08.23-17.35.56:956][  0]LogConfig: Setting CVar [[r.DetailMode:2]]
[2020.08.23-17.35.56:956][  0]LogConfig: Setting CVar [[r.TranslucencyVolumeBlur:1]]
[2020.08.23-17.35.56:956][  0]LogConfig: Setting CVar [[r.MaterialQualityLevel:1 ; High quality]]
[2020.08.23-17.35.56:956][  0]LogConfig: Setting CVar [[r.SSS.Scale:1]]
[2020.08.23-17.35.56:956][  0]LogConfig: Setting CVar [[r.SSS.SampleSet:2]]
[2020.08.23-17.35.56:956][  0]LogConfig: Setting CVar [[r.SSS.Quality:1]]
[2020.08.23-17.35.56:956][  0]LogConfig: Setting CVar [[r.SSS.HalfRes:0]]
[2020.08.23-17.35.56:956][  0]LogConfig: Setting CVar [[r.SSGI.Quality:3]]
[2020.08.23-17.35.56:956][  0]LogConfig: Setting CVar [[r.EmitterSpawnRateScale:1.0]]
[2020.08.23-17.35.56:956][  0]LogConfig: Setting CVar [[r.ParticleLightQuality:2]]
[2020.08.23-17.35.56:956][  0]LogConfig: Setting CVar [[r.SkyAtmosphere.AerialPerspectiveLUT.FastApplyOnOpaque:1 ; Always have FastSkyLUT 1 in this case to avoid wrong sky]]
[2020.08.23-17.35.56:956][  0]LogConfig: Setting CVar [[r.SkyAtmosphere.AerialPerspectiveLUT.SampleCountPerSlice:1]]
[2020.08.23-17.35.56:956][  0]LogConfig: Setting CVar [[r.SkyAtmosphere.AerialPerspectiveLUT.DepthResolution:16.0]]
[2020.08.23-17.35.56:956][  0]LogConfig: Setting CVar [[r.SkyAtmosphere.FastSkyLUT:1]]
[2020.08.23-17.35.56:956][  0]LogConfig: Setting CVar [[r.SkyAtmosphere.FastSkyLUT.SampleCountMin:4.0]]
[2020.08.23-17.35.56:956][  0]LogConfig: Setting CVar [[r.SkyAtmosphere.FastSkyLUT.SampleCountMax:32.0]]
[2020.08.23-17.35.56:956][  0]LogConfig: Setting CVar [[r.SkyAtmosphere.SampleCountMin:4.0]]
[2020.08.23-17.35.56:956][  0]LogConfig: Setting CVar [[r.SkyAtmosphere.SampleCountMax:32.0]]
[2020.08.23-17.35.56:956][  0]LogConfig: Setting CVar [[r.SkyAtmosphere.TransmittanceLUT.UseSmallFormat:0]]
[2020.08.23-17.35.56:956][  0]LogConfig: Setting CVar [[r.SkyAtmosphere.TransmittanceLUT.SampleCount:10.0]]
[2020.08.23-17.35.56:956][  0]LogConfig: Setting CVar [[r.SkyAtmosphere.MultiScatteringLUT.SampleCount:15.0]]
[2020.08.23-17.35.56:956][  0]LogConfig: Applying CVar settings from Section [FoliageQuality@3] File [C:/Users/frogg/Documents/DiscVisionDeluxe/DiscVision/Saved/Config/Windows/Scalability.ini]
[2020.08.23-17.35.56:956][  0]LogConfig: Setting CVar [[foliage.DensityScale:1.0]]
[2020.08.23-17.35.56:956][  0]LogConfig: Setting CVar [[grass.DensityScale:1.0]]
[2020.08.23-17.35.56:956][  0]LogConfig: Applying CVar settings from Section [ShadingQuality@3] File [C:/Users/frogg/Documents/DiscVisionDeluxe/DiscVision/Saved/Config/Windows/Scalability.ini]
[2020.08.23-17.35.56:956][  0]LogConfig: Setting CVar [[r.HairStrands.SkyLighting.SampleCount:16]]
[2020.08.23-17.35.56:956][  0]LogConfig: Setting CVar [[r.HairStrands.SkyLighting.JitterIntegration:0]]
[2020.08.23-17.35.56:956][  0]LogConfig: Setting CVar [[r.HairStrands.SkyAO.SampleCount:16]]
[2020.08.23-17.35.56:956][  0]LogConfig: Setting CVar [[r.HairStrands.DeepShadow.SuperSampling:0]]
[2020.08.23-17.35.56:956][  0]LogConfig: Setting CVar [[r.HairStrands.VisibilityPPLL:0]]
[2020.08.23-17.35.56:956][  0]LogConfig: Setting CVar [[r.HairStrands.RasterizationScale:0.5]]
[2020.08.23-17.35.56:956][  0]LogConfig: Setting CVar [[r.HairStrands.VelocityRasterizationScale:1]]
[2020.08.23-17.35.56:956][  0]LogConfig: Applying CVar settings from Section [Startup] File [../../../Engine/Config/ConsoleVariables.ini]
[2020.08.23-17.35.56:956][  0]LogConfig: Setting CVar [[net.UseAdaptiveNetUpdateFrequency:0]]
[2020.08.23-17.35.56:957][  0]LogConfig: Setting CVar [[p.chaos.AllowCreatePhysxBodies:1]]
[2020.08.23-17.35.56:957][  0]LogConfig: Setting CVar [[fx.SkipVectorVMBackendOptimizations:1]]
[2020.08.23-17.35.56:957][  0]LogConfig: Applying CVar settings from Section [ConsoleVariables] File [C:/Users/frogg/Documents/DiscVisionDeluxe/DiscVision/Saved/Config/Windows/Engine.ini]
[2020.08.23-17.35.56:957][  0]LogInit: Computer: DESKTOP-EAU1MTB
[2020.08.23-17.35.56:957][  0]LogInit: User: frogg
[2020.08.23-17.35.56:957][  0]LogInit: CPU Page size=4096, Cores=4
[2020.08.23-17.35.56:957][  0]LogInit: High frequency timer resolution =10.000000 MHz
[2020.08.23-17.35.56:957][  0]LogMemory: Memory total: Physical=8.0GB (8GB approx)
[2020.08.23-17.35.56:957][  0]LogMemory: Platform Memory Stats for Windows
[2020.08.23-17.35.56:957][  0]LogMemory: Process Physical Memory: 115.88 MB used, 115.88 MB peak
[2020.08.23-17.35.56:957][  0]LogMemory: Process Virtual Memory: 98.07 MB used, 98.07 MB peak
[2020.08.23-17.35.56:957][  0]LogMemory: Physical Memory: 4187.23 MB used,  3971.92 MB free, 8159.15 MB total
[2020.08.23-17.35.56:957][  0]LogMemory: Virtual Memory: 5147.01 MB used,  134212584.00 MB free, 134217728.00 MB total
[2020.08.23-17.35.56:961][  0]LogWindows: WindowsPlatformFeatures enabled
[2020.08.23-17.35.56:988][  0]LogInit: Physics initialised using underlying interface: PhysX
[2020.08.23-17.35.56:989][  0]LogInit: Using OS detected language (en-US).
[2020.08.23-17.35.56:989][  0]LogInit: Using OS detected locale (en-CA).
[2020.08.23-17.35.56:992][  0]LogTextLocalizationManager: No specific localization for 'en-US' exists, so the 'en' localization will be used.
[2020.08.23-17.35.57:158][  0]LogInit: Setting process to per monitor DPI aware
[2020.08.23-17.35.57:187][  0]LogSlate: New Slate User Created.  User Index 0, Is Virtual User: 0
[2020.08.23-17.35.57:187][  0]LogSlate: Slate User Registered.  User Index 0, Is Virtual User: 0
[2020.08.23-17.35.57:331][  0]LogHMD: Failed to initialize OpenVR with code 110
[2020.08.23-17.35.57:331][  0]LogD3D11RHI: D3D11 min allowed feature level: 11_0
[2020.08.23-17.35.57:332][  0]LogD3D11RHI: D3D11 max allowed feature level: 11_0
[2020.08.23-17.35.57:332][  0]LogD3D11RHI: D3D11 adapters:
[2020.08.23-17.35.57:421][  0]LogD3D11RHI:    0. 'NVIDIA GeForce GTX 970' (Feature Level 11_0)
[2020.08.23-17.35.57:421][  0]LogD3D11RHI:       4043/0/4079 MB DedicatedVideo/DedicatedSystem/SharedSystem, Outputs:1, VendorId:0x10de
[2020.08.23-17.35.57:423][  0]LogD3D11RHI:    1. 'Microsoft Basic Render Driver' (Feature Level 11_0)
[2020.08.23-17.35.57:423][  0]LogD3D11RHI:       0/0/4079 MB DedicatedVideo/DedicatedSystem/SharedSystem, Outputs:0, VendorId:0x1414
[2020.08.23-17.35.57:423][  0]LogD3D11RHI: Chosen D3D11 Adapter: 0
[2020.08.23-17.35.57:428][  0]LogD3D11RHI: Creating new Direct3DDevice
[2020.08.23-17.35.57:428][  0]LogD3D11RHI:     GPU DeviceId: 0x13c2 (for the marketing name, search the web for "GPU Device Id")
[2020.08.23-17.35.57:428][  0]LogWindows: EnumDisplayDevices:
[2020.08.23-17.35.57:428][  0]LogWindows:    0. 'NVIDIA GeForce GTX 970' (P:1 D:1)
[2020.08.23-17.35.57:428][  0]LogWindows:    1. 'NVIDIA GeForce GTX 970' (P:0 D:0)
[2020.08.23-17.35.57:429][  0]LogWindows:    2. 'NVIDIA GeForce GTX 970' (P:0 D:0)
[2020.08.23-17.35.57:429][  0]LogWindows:    3. 'NVIDIA GeForce GTX 970' (P:0 D:0)
[2020.08.23-17.35.57:429][  0]LogWindows: DebugString: FoundDriverCount:4 
[2020.08.23-17.35.57:429][  0]LogD3D11RHI:     Adapter Name: NVIDIA GeForce GTX 970
[2020.08.23-17.35.57:429][  0]LogD3D11RHI:   Driver Version: 432.00 (internal:26.21.14.3200, unified:432.00)
[2020.08.23-17.35.57:429][  0]LogD3D11RHI:      Driver Date: 7-24-2019
[2020.08.23-17.35.57:429][  0]LogRHI: Texture pool is 2830 MB (70% of 4043 MB)
[2020.08.23-17.35.57:476][  0]LogD3D11RHI: RHI has support for 64 bit atomics
[2020.08.23-17.35.57:478][  0]LogD3D11RHI: [Aftermath] Enabled and primed
[2020.08.23-17.35.57:478][  0]LogD3D11RHI: Async texture creation enabled
[2020.08.23-17.35.57:478][  0]LogD3D11RHI: Array index from any shader is supported
[2020.08.23-17.35.57:536][  0]LogD3D11RHI: GPU Timing Frequency: 1000.000000 (Debug: 2 1)
[2020.08.23-17.35.57:815][  0]LogTargetPlatformManager: Display: Loaded TargetPlatform 'AllDesktop'
[2020.08.23-17.35.57:835][  0]LogTargetPlatformManager: Display: Loaded TargetPlatform 'Android'
[2020.08.23-17.35.57:835][  0]LogTargetPlatformManager: Display: Loaded TargetPlatform 'Android_ASTC'
[2020.08.23-17.35.57:835][  0]LogTargetPlatformManager: Display: Loaded TargetPlatform 'Android_DXT'
[2020.08.23-17.35.57:835][  0]LogTargetPlatformManager: Display: Loaded TargetPlatform 'Android_ETC2'
[2020.08.23-17.35.57:835][  0]LogTargetPlatformManager: Display: Loaded TargetPlatform 'AndroidClient'
[2020.08.23-17.35.57:835][  0]LogTargetPlatformManager: Display: Loaded TargetPlatform 'Android_ASTCClient'
[2020.08.23-17.35.57:835][  0]LogTargetPlatformManager: Display: Loaded TargetPlatform 'Android_DXTClient'
[2020.08.23-17.35.57:835][  0]LogTargetPlatformManager: Display: Loaded TargetPlatform 'Android_ETC2Client'
[2020.08.23-17.35.57:835][  0]LogTargetPlatformManager: Display: Loaded TargetPlatform 'Android_Multi'
[2020.08.23-17.35.57:835][  0]LogTargetPlatformManager: Display: Loaded TargetPlatform 'Android_MultiClient'
[2020.08.23-17.35.57:857][  0]LogTargetPlatformManager: Display: Loaded TargetPlatform 'IOSClient'
[2020.08.23-17.35.57:857][  0]LogTargetPlatformManager: Display: Loaded TargetPlatform 'IOS'
[2020.08.23-17.35.57:867][  0]LogTargetPlatformManager: Display: Loaded TargetPlatform 'Linux'
[2020.08.23-17.35.57:875][  0]LogTargetPlatformManager: Display: Loaded TargetPlatform 'LinuxNoEditor'
[2020.08.23-17.35.57:884][  0]LogTargetPlatformManager: Display: Loaded TargetPlatform 'LinuxClient'
[2020.08.23-17.35.57:894][  0]LogTargetPlatformManager: Display: Loaded TargetPlatform 'LinuxServer'
[2020.08.23-17.35.57:903][  0]LogTargetPlatformManager: Display: Loaded TargetPlatform 'LinuxAArch64NoEditor'
[2020.08.23-17.35.57:912][  0]LogTargetPlatformManager: Display: Loaded TargetPlatform 'LinuxAArch64Client'
[2020.08.23-17.35.57:921][  0]LogTargetPlatformManager: Display: Loaded TargetPlatform 'LinuxAArch64Server'
[2020.08.23-17.35.57:947][  0]LogTargetPlatformManager: Display: Loaded TargetPlatform 'Lumin'
[2020.08.23-17.35.57:947][  0]LogTargetPlatformManager: Display: Loaded TargetPlatform 'LuminClient'
[2020.08.23-17.35.57:962][  0]LogTargetPlatformManager: Display: Loaded TargetPlatform 'TVOSClient'
[2020.08.23-17.35.57:962][  0]LogTargetPlatformManager: Display: Loaded TargetPlatform 'TVOS'
[2020.08.23-17.35.57:971][  0]LogTargetPlatformManager: Display: Loaded TargetPlatform 'WindowsNoEditor'
[2020.08.23-17.35.57:980][  0]LogTargetPlatformManager: Display: Loaded TargetPlatform 'Windows'
[2020.08.23-17.35.57:988][  0]LogTargetPlatformManager: Display: Loaded TargetPlatform 'WindowsClient'
[2020.08.23-17.35.57:997][  0]LogTargetPlatformManager: Display: Loaded TargetPlatform 'WindowsServer'
[2020.08.23-17.35.57:997][  0]LogTargetPlatformManager: Display: Building Assets For Windows
[2020.08.23-17.35.58:004][  0]LogAudioDebug: Display: Lib vorbis DLL was dynamically loaded.
[2020.08.23-17.35.58:057][  0]LogShaderCompilers: Guid format shader working directory is -22 characters bigger than the processId version (../../../../../../Users/frogg/Documents/DiscVisionDeluxe/DiscVision/Intermediate/Shaders/WorkingDirectory/14524/).
[2020.08.23-17.35.58:057][  0]LogShaderCompilers: Cleaned the shader compiler working directory 'C:/Users/frogg/AppData/Local/Temp/UnrealShaderWorkingDir/A25AA8E24AFE0C08C88B33901FAFEC71/'.
[2020.08.23-17.35.58:058][  0]LogXGEController: Cannot use XGE Controller as Incredibuild is not installed on this machine.
[2020.08.23-17.35.58:058][  0]LogShaderCompilers: Cannot use XGE Shader Compiler as Incredibuild is not installed on this machine.
[2020.08.23-17.35.58:058][  0]LogShaderCompilers: Display: Using Local Shader Compiler.
[2020.08.23-17.35.58:849][  0]LogDerivedDataCache: Display: Max Cache Size: 512 MB
[2020.08.23-17.35.58:903][  0]LogDerivedDataCache: Loaded boot cache 0.05s 75MB C:/Users/frogg/AppData/Local/UnrealEngine/4.25/DerivedDataCache/Boot.ddc.
[2020.08.23-17.35.58:904][  0]LogDerivedDataCache: Display: Loaded Boot cache: C:/Users/frogg/AppData/Local/UnrealEngine/4.25/DerivedDataCache/Boot.ddc
[2020.08.23-17.35.58:904][  0]LogDerivedDataCache: FDerivedDataBackendGraph:  Pak pak cache file ../../../../../../Users/frogg/Documents/DiscVisionDeluxe/DiscVision/DerivedDataCache/DDC.ddp not found, will not use a pak cache.
[2020.08.23-17.35.58:904][  0]LogDerivedDataCache: Unable to find inner node Pak for hierarchical cache Hierarchy.
[2020.08.23-17.35.58:904][  0]LogDerivedDataCache: FDerivedDataBackendGraph:  CompressedPak pak cache file ../../../../../../Users/frogg/Documents/DiscVisionDeluxe/DiscVision/DerivedDataCache/Compressed.ddp not found, will not use a pak cache.
[2020.08.23-17.35.58:904][  0]LogDerivedDataCache: Unable to find inner node CompressedPak for hierarchical cache Hierarchy.
[2020.08.23-17.35.58:914][  0]LogDerivedDataCache: Display: Pak cache opened for reading ../../../Engine/DerivedDataCache/Compressed.ddp.
[2020.08.23-17.35.58:914][  0]LogDerivedDataCache: FDerivedDataBackendGraph:  EnterprisePak pak cache file ../../../Enterprise/DerivedDataCache/Compressed.ddp not found, will not use a pak cache.
[2020.08.23-17.35.58:914][  0]LogDerivedDataCache: Unable to find inner node EnterprisePak for hierarchical cache Hierarchy.
[2020.08.23-17.35.58:915][  0]LogDerivedDataCache: Using Local data cache path C:/Users/frogg/AppData/Local/UnrealEngine/Common/DerivedDataCache: Writable
[2020.08.23-17.35.58:915][  0]LogDerivedDataCache: Shared data cache path not found in *engine.ini, will not use an Shared cache.
[2020.08.23-17.35.58:915][  0]LogDerivedDataCache: Unable to find inner node Shared for hierarchical cache Hierarchy.
[2020.08.23-17.35.58:969][  0]LogSlate: Using FreeType 2.10.0
[2020.08.23-17.35.58:969][  0]LogSlate: SlateFontServices - WITH_FREETYPE: 1, WITH_HARFBUZZ: 1
[2020.08.23-17.35.58:992][  0]LogAssetRegistry: FAssetRegistry took 0.0023 seconds to start up
[2020.08.23-17.35.59:234][  0]LogInit: Selected Device Profile: [Windows]
[2020.08.23-17.35.59:347][  0]LogMeshReduction: Using QuadricMeshReduction for automatic static mesh reduction
[2020.08.23-17.35.59:347][  0]LogMeshReduction: Using SimplygonMeshReduction for automatic skeletal mesh reduction
[2020.08.23-17.35.59:347][  0]LogMeshReduction: Using ProxyLODMeshReduction for automatic mesh merging
[2020.08.23-17.35.59:347][  0]LogMeshReduction: No distributed automatic mesh merging module available
[2020.08.23-17.35.59:347][  0]LogMeshMerging: No distributed automatic mesh merging module available
[2020.08.23-17.35.59:365][  0]LogNetVersion: DiscVision 1.0.0, NetCL: 13144385, EngineNetVer: 14, GameNetVer: 0 (Checksum: 1142095088)
[2020.08.23-17.35.59:773][  0]LogAISub: UAISubsystem::UAISubsystem AISubsystem (0000021C99864380), frame # 0
[2020.08.23-17.35.59:773][  0]LogAISub: UAISubsystem::UAISubsystem AIPerceptionSystem (0000021C99796AC0), frame # 0
[2020.08.23-17.35.59:774][  0]LogAISub: UAISubsystem::UAISubsystem EnvQueryManager (0000021C9980CA00), frame # 0
[2020.08.23-17.35.59:827][  0]LogPackageLocalizationCache: Processed 19 localized package path(s) for 1 prioritized culture(s) in 0.047193 seconds
[2020.08.23-17.35.59:832][  0]LogUObjectArray: 15917 objects as part of root set at end of initial load.
[2020.08.23-17.35.59:832][  0]LogUObjectAllocator: 3965568 out of 0 bytes used by permanent object pool.
[2020.08.23-17.35.59:832][  0]LogUObjectArray: CloseDisregardForGC: 0/0 objects in disregard for GC pool
[2020.08.23-17.36.00:235][  0]LogTcpMessaging: Initializing TcpMessaging bridge
[2020.08.23-17.36.00:239][  0]LogUdpMessaging: Initializing bridge on interface 0.0.0.0:0 to multicast group 230.0.0.1:6666.
[2020.08.23-17.36.00:352][  0]SourceControl: Source control is disabled
[2020.08.23-17.36.00:352][  0]SourceControl: Source control is disabled
[2020.08.23-17.36.00:357][  0]SourceControl: Source control is disabled
[2020.08.23-17.36.00:360][  0]SourceControl: Source control is disabled
[2020.08.23-17.36.00:369][  0]SourceControl: Source control is disabled
[2020.08.23-17.36.00:759][  0]LogAndroidPermission: UAndroidPermissionCallbackProxy::GetInstance
[2020.08.23-17.36.00:777][  0]LogAudioCaptureCore: Display: No Audio Capture implementations found. Audio input will be silent.
[2020.08.23-17.36.00:777][  0]LogAudioCaptureCore: Display: No Audio Capture implementations found. Audio input will be silent.
[2020.08.23-17.36.00:825][  0]LogOcInput: OculusInput pre-init called
[2020.08.23-17.36.00:836][  0]LogWindows: Failed to load 'OVRPlugin.dll' (GetLastError=126)
[2020.08.23-17.36.00:836][  0]LogWindows: File 'OVRPlugin.dll' does not exist
[2020.08.23-17.36.00:894][  0]LogEngine: Initializing Engine...
[2020.08.23-17.36.00:895][  0]LogHMD: Failed to initialize OpenVR with code 110
[2020.08.23-17.36.00:895][  0]LogMagicLeap: Warning: VR disabled because ZI is not enabled.  To enable, in the editor, Edit -> Project Settings -> Plugins -> Magic Leap Plugin -> Enable Zero Iteration
[2020.08.23-17.36.00:896][  0]LogStats: UGameplayTagsManager::InitializeManager -  0.000 s
[2020.08.23-17.36.01:019][  0]LogInit: Initializing FReadOnlyCVARCache
[2020.08.23-17.36.01:027][  0]LogAIModule: Creating AISystem for world Untitled
[2020.08.23-17.36.01:027][  0]LogAISub: UAISubsystem::UAISubsystem EnvQueryManager (0000021C9B4F5C00), frame # 0
[2020.08.23-17.36.01:027][  0]LogAISub: UAISubsystem::UAISubsystem AIPerceptionSystem (0000021C9B538B80), frame # 0
[2020.08.23-17.36.01:044][  0]LogAudioMixer: Display: Audio Mixer Platform Settings:
[2020.08.23-17.36.01:044][  0]LogAudioMixer: Display: 	Sample Rate:						  48000
[2020.08.23-17.36.01:044][  0]LogAudioMixer: Display: 	Callback Buffer Frame Size Requested: 1024
[2020.08.23-17.36.01:044][  0]LogAudioMixer: Display: 	Callback Buffer Frame Size To Use:	  1024
[2020.08.23-17.36.01:044][  0]LogAudioMixer: Display: 	Number of buffers to queue:			  2
[2020.08.23-17.36.01:044][  0]LogAudioMixer: Display: 	Max Channels (voices):				  32
[2020.08.23-17.36.01:044][  0]LogAudioMixer: Display: 	Number of Async Source Workers:		  0
[2020.08.23-17.36.01:044][  0]LogAudio: Display: AudioDevice MaxSources: 32
[2020.08.23-17.36.01:044][  0]LogAudio: Display: Using built-in audio occlusion.
[2020.08.23-17.36.01:045][  0]LogAudioMixer: Display: Initializing audio mixer.
[2020.08.23-17.36.01:056][  0]LogAudioMixer: Display: 0: FrontLeft
[2020.08.23-17.36.01:056][  0]LogAudioMixer: Display: 1: FrontRight
[2020.08.23-17.36.01:115][  0]LogAudioMixer: Display: Using Audio Device Headphones (Arctis 7 Game)
[2020.08.23-17.36.01:119][  0]LogAudioMixer: Display: Initializing Sound Submixes...
[2020.08.23-17.36.01:122][  0]LogAudioMixer: Display: Creating Master Submix 'MasterSubmixDefault'
[2020.08.23-17.36.01:122][  0]LogAudioMixer: Display: Creating Master Submix 'MasterReverbSubmixDefault'
[2020.08.23-17.36.01:123][  0]LogAudioMixer: Display: Creating Master Submix 'MasterEQSubmixDefault'
[2020.08.23-17.36.01:124][  0]LogInit: FAudioDevice initialized.
[2020.08.23-17.36.01:124][  0]LogNetVersion: Set ProjectVersion to 1.0.0.0. Version Checksum will be recalculated on next use.
[2020.08.23-17.36.01:204][  0]LogDerivedDataCache: Saved boot cache 0.08s 75MB C:/Users/frogg/AppData/Local/UnrealEngine/4.25/DerivedDataCache/Boot.ddc.
[2020.08.23-17.36.01:208][  0]LogInit: Texture streaming: Enabled
[2020.08.23-17.36.01:224][  0]LogEngineSessionManager: EngineSessionManager initialized
[2020.08.23-17.36.01:224][  0]LogEditorSessionSummary: Verbose: Initializing EditorSessionSummaryWriter for editor session tracking
[2020.08.23-17.36.01:226][  0]LogEditorSessionSummary: EditorSessionSummaryWriter initialized
[2020.08.23-17.36.01:309][  0]LogInit: Transaction tracking system initialized
[2020.08.23-17.36.01:338][  0]BlueprintLog: New page: Editor Load
[2020.08.23-17.36.01:430][  0]LocalizationService: Localization service is disabled
[2020.08.23-17.36.01:598][  0]LogCook: Display: Max memory allowance for cook 16384mb min free memory 0mb
[2020.08.23-17.36.01:598][  0]LogCook: Display: Mobile HDR setting 1
[2020.08.23-17.36.01:714][  0]LogFileCache: Scanning file cache for directory 'C:/Users/frogg/Documents/DiscVisionDeluxe/DiscVision/Content/' took 0.00s
[2020.08.23-17.36.01:915][  0]SourceControl: Source control is disabled
[2020.08.23-17.36.01:915][  0]LogUnrealEdMisc: Loading editor; pre map load, took 6.688
[2020.08.23-17.36.01:915][  0]Cmd: MAP LOAD FILE="../../../../../../Users/frogg/Documents/DiscVisionDeluxe/DiscVision/Content/StarterContent/Maps/Minimal_Default.umap" TEMPLATE=0 SHOWPROGRESS=1 FEATURELEVEL=3
[2020.08.23-17.36.01:916][  0]LightingResults: New page: Lighting Build
[2020.08.23-17.36.01:916][  0]LogWorld: UWorld::CleanupWorld for Untitled, bSessionEnded=true, bCleanupResources=true
[2020.08.23-17.36.01:916][  0]LogSlate: InvalidateAllWidgets triggered.  All widgets were invalidated
[2020.08.23-17.36.01:916][  0]MapCheck: New page: Map Check
[2020.08.23-17.36.01:916][  0]LightingResults: New page: Lighting Build
[2020.08.23-17.36.01:923][  0]LogAISub: UAISubsystem::~UAISubsystem EnvQueryManager (0000021C9B4F5C00), frame # 0
[2020.08.23-17.36.01:923][  0]LogAISub: UAISubsystem::~UAISubsystem AIPerceptionSystem (0000021C9B538B80), frame # 0
[2020.08.23-17.36.01:924][  0]LogUObjectHash: Compacting FUObjectHashTables data took   0.74ms
[2020.08.23-17.36.02:063][  0]LogAIModule: Creating AISystem for world Minimal_Default
[2020.08.23-17.36.02:063][  0]LogAISub: UAISubsystem::UAISubsystem EnvQueryManager (0000021C8B164A00), frame # 0
[2020.08.23-17.36.02:063][  0]LogAISub: UAISubsystem::UAISubsystem AIPerceptionSystem (0000021C8A814CC0), frame # 0
[2020.08.23-17.36.02:068][  0]LogEditorServer: Finished looking for orphan Actors (0.000 secs)
[2020.08.23-17.36.02:078][  0]LogUObjectHash: Compacting FUObjectHashTables data took   1.18ms
[2020.08.23-17.36.02:079][  0]Cmd: MAP CHECKDEP NOCLEARLOG
[2020.08.23-17.36.02:079][  0]MapCheck: Map check complete: 0 Error(s), 0 Warning(s), took 0.236ms to complete.
[2020.08.23-17.36.02:079][  0]LogFileHelpers: Loading map 'Minimal_Default' took 0.164
[2020.08.23-17.36.02:081][  0]LogUnrealEdMisc: Total Editor Startup Time, took 6.854
[2020.08.23-17.36.02:260][  0]LogSlate: Updating window title bar state: overlay mode, drag disabled, window buttons hidden, title bar hidden
[2020.08.23-17.36.02:277][  0]LogSlate: Updating window title bar state: overlay mode, drag disabled, window buttons hidden, title bar hidden
[2020.08.23-17.36.02:295][  0]LogSlate: Updating window title bar state: overlay mode, drag disabled, window buttons hidden, title bar hidden
[2020.08.23-17.36.02:313][  0]LogSlate: Updating window title bar state: overlay mode, drag disabled, window buttons hidden, title bar hidden
[2020.08.23-17.36.02:339][  0]LogCollectionManager: Loaded 0 collections in 0.003965 seconds
[2020.08.23-17.36.02:372][  0]LogFileCache: Scanning file cache for directory 'C:/Users/frogg/Documents/DiscVisionDeluxe/DiscVision/Saved/Collections/' took 0.00s
[2020.08.23-17.36.02:372][  0]LogFileCache: Scanning file cache for directory 'C:/Users/frogg/Documents/DiscVisionDeluxe/DiscVision/Content/Developers/frogg/Collections/' took 0.00s
[2020.08.23-17.36.02:372][  0]LogFileCache: Scanning file cache for directory 'C:/Users/frogg/Documents/DiscVisionDeluxe/DiscVision/Content/Collections/' took 0.00s
[2020.08.23-17.36.02:372][  0]LogContentBrowser: Native class hierarchy populated in 0.0204 seconds. Added 3428 classes and 823 folders.
[2020.08.23-17.36.02:377][  0]LogContentBrowser: Native class hierarchy updated for 'WidgetCarousel' in 0.0004 seconds. Added 0 classes and 0 folders.
[2020.08.23-17.36.02:790][  0]LogContentBrowser: Native class hierarchy updated for 'AddContentDialog' in 0.0004 seconds. Added 0 classes and 0 folders.
[2020.08.23-17.36.02:791][  0]LogContentBrowser: Native class hierarchy updated for 'SceneOutliner' in 0.0003 seconds. Added 2 classes and 0 folders.
[2020.08.23-17.36.02:834][  0]LogContentBrowser: Native class hierarchy updated for 'HierarchicalLODOutliner' in 0.0005 seconds. Added 0 classes and 0 folders.
[2020.08.23-17.36.02:834][  0]LogLoad: (Engine Initialization) Total time: 7.61 seconds
[2020.08.23-17.36.02:834][  0]LogLoad: (Engine Initialization) Total Blueprint compile time: 0.00 seconds
[2020.08.23-17.36.02:875][  0]LogAssetRegistry: Asset discovery search completed in 3.8837 seconds
[2020.08.23-17.36.02:878][  0]LogCollectionManager: Fixed up redirectors for 0 collections in 0.000003 seconds (updated 0 objects)
[2020.08.23-17.36.02:879][  0]LogContentStreaming: Texture pool size now 1000 MB
[2020.08.23-17.36.02:885][  0]LogSlate: Took 0.000133 seconds to synchronously load lazily loaded font '../../../Engine/Content/Slate/Fonts/Roboto-Regular.ttf' (155K)
[2020.08.23-17.36.02:886][  0]LogSlate: Took 0.000104 seconds to synchronously load lazily loaded font '../../../Engine/Content/Slate/Fonts/Roboto-Bold.ttf' (160K)
[2020.08.23-17.36.02:896][  0]LogSlate: Took 0.005865 seconds to synchronously load lazily loaded font '../../../Engine/Content/Editor/Slate/Fonts/FontAwesome.ttf' (139K)
[2020.08.23-17.36.03:222][  2]LogRenderer: Reallocating scene render targets to support 1044x784 Format 10 NumSamples 1 (Frame:1).
[2020.08.23-17.36.33:682][ 93]LogEditorViewport: Clicking on Actor (LMB): BP_Sky_Sphere_C (BP_Sky_Sphere)
[2020.08.23-17.36.49:581][920]LogSlate: Took 0.008056 seconds to synchronously load lazily loaded font '../../../Engine/Content/Slate/Fonts/Roboto-Italic.ttf' (157K)
[2020.08.23-17.36.57:941][887]LogSlate: Took 0.006035 seconds to synchronously load lazily loaded font '../../../Engine/Content/Slate/Fonts/Roboto-Light.ttf' (167K)
[2020.08.23-17.36.57:982][887]LogSlate: WidgetSwitcher ('None') active index changed to -1
[2020.08.23-17.36.57:982][887]LogSlate: WidgetSwitcher ('None') active index changed to 0
[2020.08.23-17.36.58:009][887]LogSlate: Took 0.000255 seconds to synchronously load lazily loaded font '../../../Engine/Content/Slate/Fonts/Roboto-BoldCondensed.ttf' (158K)
[2020.08.23-17.37.00:885][213]LogSlate: WidgetSwitcher ('None') active index changed to 1
[2020.08.23-17.37.10:086][315]LogSlate: Window 'Add C++ Class' being destroyed
[2020.08.23-17.37.39:356][688]LogRenderer: Reallocating scene render targets to support 1616x808 Format 10 NumSamples 1 (Frame:5828).
[2020.08.23-17.42.31:448][417]LogUObjectHash: Compacting FUObjectHashTables data took   0.71ms
[2020.08.23-17.42.31:482][417]LogSavePackage: Moving '../../../../../../Users/frogg/Documents/DiscVisionDeluxe/DiscVision/Saved/Minimal_DefaultDD6611714FB7D3A9DB5D6ABFB707FEA0.tmp' to '../../../../../../Users/frogg/Documents/DiscVisionDeluxe/DiscVision/Content/StarterContent/Maps/Minimal_Default.umap'
[2020.08.23-17.42.31:561][417]LogSavePackage: Moving '../../../../../../Users/frogg/Documents/DiscVisionDeluxe/DiscVision/Saved/Minimal_Default_BuiltData0EF2E84B4788528E2B82A2975C8707F3.tmp' to '../../../../../../Users/frogg/Documents/DiscVisionDeluxe/DiscVision/Content/StarterContent/Maps/Minimal_Default_BuiltData.uasset'
[2020.08.23-17.42.31:573][417]AssetCheck: New page: Asset Save: multiple assets
[2020.08.23-17.42.31:573][417]LogContentValidation: Display: Validating World /Game/StarterContent/Maps/Minimal_Default.Minimal_Default
[2020.08.23-17.42.31:573][417]LogContentValidation: Display: Validating MapBuildDataRegistry /Game/StarterContent/Maps/Minimal_Default_BuiltData.Minimal_Default_BuiltData
[2020.08.23-17.43.28:186][682]LogVSAccessor: Warning: Couldn't access Visual Studio
[2020.08.23-17.43.28:190][682]Candidate modules for hot reload:
[2020.08.23-17.43.28:190][682]  DiscVision
[2020.08.23-17.43.28:190][682]Launching UnrealBuildTool... [C:/Program Files/Epic Games/UE_4.25/Engine/Binaries/DotNET/UnrealBuildTool.exe  -ModuleWithSuffix=DiscVision,3163 DiscVisionEditor Win64 Development -Project="C:/Users/frogg/Documents/DiscVisionDeluxe/DiscVision/DiscVision.uproject" "C:/Users/frogg/Documents/DiscVisionDeluxe/DiscVision/DiscVision.uproject"  -IgnoreJunk]
[2020.08.23-17.43.28:192][682]Warning: Starting HotReload took  0.0s.
[2020.08.23-17.43.55:745][922]CompilerResultsLog: New page: Compilation - Aug. 23, 2020, 9:43:55 a.m.
[2020.08.23-17.43.55:746][922]CompilerResultsLog: Using 'git status' to determine working set for adaptive non-unity build (C:\Users\frogg\Documents\DiscVisionDeluxe).
[2020.08.23-17.43.55:746][922]CompilerResultsLog: Parsing headers for DiscVisionEditor
[2020.08.23-17.43.55:746][922]CompilerResultsLog:   Running UnrealHeaderTool "C:\Users\frogg\Documents\DiscVisionDeluxe\DiscVision\DiscVision.uproject" "C:\Users\frogg\Documents\DiscVisionDeluxe\DiscVision\Intermediate\Build\Win64\DiscVisionEditor\Development\DiscVisionEditor.uhtmanifest" -LogCmds="loginit warning, logexit warning, logdatabase error" -Unattended -WarningsAsErrors -abslog="C:\Users\frogg\AppData\Local\UnrealBuildTool\Log_UHT.txt" -installed
[2020.08.23-17.43.55:746][922]CompilerResultsLog: Reflection code generated for DiscVisionEditor in 25.7977511 seconds
[2020.08.23-17.43.55:746][922]CompilerResultsLog: Building DiscVisionEditor...
[2020.08.23-17.43.55:746][922]CompilerResultsLog: Using Visual Studio 2019 14.26.28806 toolchain (C:\Program Files (x86)\Microsoft Visual Studio\2019\Community\VC\Tools\MSVC\14.26.28801) and Windows 10.0.17763.0 SDK (C:\Program Files (x86)\Windows Kits\10).
[2020.08.23-17.43.55:746][922]CompilerResultsLog: Building 5 actions with 8 processes...
[2020.08.23-17.43.55:746][922]CompilerResultsLog:   [1/5] DiscProjectile.gen.cpp
[2020.08.23-17.43.55:746][922]CompilerResultsLog:    C:\Users\frogg\Documents\DiscVisionDeluxe\DiscVision\Source\DiscVision/DiscProjectile.h(28) : error C2143: syntax error: missing ';' before '*'
[2020.08.23-17.43.55:746][922]CompilerResultsLog:    C:\Users\frogg\Documents\DiscVisionDeluxe\DiscVision\Source\DiscVision/DiscProjectile.h(28) : error C4430: missing type specifier - int assumed. Note: C++ does not support default-int
[2020.08.23-17.43.55:746][922]CompilerResultsLog:    C:\Users\frogg\Documents\DiscVisionDeluxe\DiscVision\Source\DiscVision/DiscProjectile.h(28) : error C2238: unexpected token(s) preceding ';'
[2020.08.23-17.43.55:746][922]CompilerResultsLog:    C:\Users\frogg\Documents\DiscVisionDeluxe\DiscVision\Source\DiscVision/DiscProjectile.h(32) : error C2143: syntax error: missing ';' before '*'
[2020.08.23-17.43.55:746][922]CompilerResultsLog:    C:\Users\frogg\Documents\DiscVisionDeluxe\DiscVision\Source\DiscVision/DiscProjectile.h(32) : error C4430: missing type specifier - int assumed. Note: C++ does not support default-int
[2020.08.23-17.43.55:747][922]CompilerResultsLog:    C:\Users\frogg\Documents\DiscVisionDeluxe\DiscVision\Source\DiscVision/DiscProjectile.h(32) : error C2238: unexpected token(s) preceding ';'
[2020.08.23-17.43.55:747][922]CompilerResultsLog:    C:\Users\frogg\Documents\DiscVisionDeluxe\DiscVision\Intermediate\Build\Win64\UE4Editor\Inc\DiscVision\DiscProjectile.gen.cpp(67) : error C2039: 'ProjectileMovementComponent': is not a member of 'ADiscProjectile'
[2020.08.23-17.43.55:747][922]CompilerResultsLog:   C:\Users\frogg\Documents\DiscVisionDeluxe\DiscVision\Source\DiscVision/DiscProjectile.h(10): note: see declaration of 'ADiscProjectile'
[2020.08.23-17.43.55:747][922]CompilerResultsLog:    C:\Users\frogg\Documents\DiscVisionDeluxe\DiscVision\Intermediate\Build\Win64\UE4Editor\Inc\DiscVision\DiscProjectile.gen.cpp(67) : error C2618: illegal member designator in offsetof
[2020.08.23-17.43.55:747][922]CompilerResultsLog:   C:\Users\frogg\Documents\DiscVisionDeluxe\DiscVision\Intermediate\Build\Win64\UE4Editor\Inc\DiscVision\DiscProjectile.gen.cpp(67): note: offsetof has a builtin meaning; use /Zc:offsetof- to revert to old, non-conforming definition
[2020.08.23-17.43.55:747][922]CompilerResultsLog:    C:\Users\frogg\Documents\DiscVisionDeluxe\DiscVision\Intermediate\Build\Win64\UE4Editor\Inc\DiscVision\DiscProjectile.gen.cpp(77) : error C2039: 'CollisionComponent': is not a member of 'ADiscProjectile'
[2020.08.23-17.43.55:747][922]CompilerResultsLog:   C:\Users\frogg\Documents\DiscVisionDeluxe\DiscVision\Source\DiscVision/DiscProjectile.h(10): note: see declaration of 'ADiscProjectile'
[2020.08.23-17.43.55:747][922]CompilerResultsLog:    C:\Users\frogg\Documents\DiscVisionDeluxe\DiscVision\Intermediate\Build\Win64\UE4Editor\Inc\DiscVision\DiscProjectile.gen.cpp(77) : error C2618: illegal member designator in offsetof
[2020.08.23-17.43.55:747][922]CompilerResultsLog:   C:\Users\frogg\Documents\DiscVisionDeluxe\DiscVision\Intermediate\Build\Win64\UE4Editor\Inc\DiscVision\DiscProjectile.gen.cpp(77): note: offsetof has a builtin meaning; use /Zc:offsetof- to revert to old, non-conforming definition
[2020.08.23-17.43.55:747][922]CompilerResultsLog:   [2/5] DiscProjectile.cpp
[2020.08.23-17.43.55:747][922]CompilerResultsLog:    C:\Users\frogg\Documents\DiscVisionDeluxe\DiscVision\Source\DiscVision\DiscProjectile.h(28) : error C2143: syntax error: missing ';' before '*'
[2020.08.23-17.43.55:747][922]CompilerResultsLog:    C:\Users\frogg\Documents\DiscVisionDeluxe\DiscVision\Source\DiscVision\DiscProjectile.h(28) : error C4430: missing type specifier - int assumed. Note: C++ does not support default-int
[2020.08.23-17.43.55:747][922]CompilerResultsLog:    C:\Users\frogg\Documents\DiscVisionDeluxe\DiscVision\Source\DiscVision\DiscProjectile.h(28) : error C2238: unexpected token(s) preceding ';'
[2020.08.23-17.43.55:748][922]CompilerResultsLog:    C:\Users\frogg\Documents\DiscVisionDeluxe\DiscVision\Source\DiscVision\DiscProjectile.h(32) : error C2143: syntax error: missing ';' before '*'
[2020.08.23-17.43.55:748][922]CompilerResultsLog:    C:\Users\frogg\Documents\DiscVisionDeluxe\DiscVision\Source\DiscVision\DiscProjectile.h(32) : error C4430: missing type specifier - int assumed. Note: C++ does not support default-int
[2020.08.23-17.43.55:748][922]CompilerResultsLog:    C:\Users\frogg\Documents\DiscVisionDeluxe\DiscVision\Source\DiscVision\DiscProjectile.h(32) : error C2238: unexpected token(s) preceding ';'
[2020.08.23-17.43.55:748][922]CompilerResultsLog:    C:\Users\frogg\Documents\DiscVisionDeluxe\DiscVision\Source\DiscVision\DiscProjectile.cpp(13) : error C2065: 'CollisionComponent': undeclared identifier
[2020.08.23-17.43.55:748][922]CompilerResultsLog:    C:\Users\frogg\Documents\DiscVisionDeluxe\DiscVision\Source\DiscVision\DiscProjectile.cpp(13) : error C2065: 'USphereComponent': undeclared identifier
[2020.08.23-17.43.55:748][922]CompilerResultsLog:    C:\Users\frogg\Documents\DiscVisionDeluxe\DiscVision\Source\DiscVision\DiscProjectile.cpp(13) : error C2672: 'UObject::CreateDefaultSubobject': no matching overloaded function found
[2020.08.23-17.43.55:748][922]CompilerResultsLog:    C:\Users\frogg\Documents\DiscVisionDeluxe\DiscVision\Source\DiscVision\DiscProjectile.cpp(13) : error C2974: 'UObject::CreateDefaultSubobject': invalid template argument for 'TReturnType', type expected
[2020.08.23-17.43.55:748][922]CompilerResultsLog:   C:\Program Files\Epic Games\UE_4.25\Engine\Source\Runtime\CoreUObject\Public\UObject/Object.h(119): note: see declaration of 'UObject::CreateDefaultSubobject'
[2020.08.23-17.43.55:748][922]CompilerResultsLog:    C:\Users\frogg\Documents\DiscVisionDeluxe\DiscVision\Source\DiscVision\DiscProjectile.cpp(15) : error C2065: 'CollisionComponent': undeclared identifier
[2020.08.23-17.43.55:748][922]CompilerResultsLog:    C:\Users\frogg\Documents\DiscVisionDeluxe\DiscVision\Source\DiscVision\DiscProjectile.cpp(17) : error C2065: 'CollisionComponent': undeclared identifier
[2020.08.23-17.43.55:748][922]CompilerResultsLog:    C:\Users\frogg\Documents\DiscVisionDeluxe\DiscVision\Source\DiscVision\DiscProjectile.cpp(20) : error C2065: 'ProjectileMovementComponent': undeclared identifier
[2020.08.23-17.43.55:748][922]CompilerResultsLog:    C:\Users\frogg\Documents\DiscVisionDeluxe\DiscVision\Source\DiscVision\DiscProjectile.cpp(20) : error C2065: 'UProjectileMovementComponent': undeclared identifier
[2020.08.23-17.43.55:749][922]CompilerResultsLog:    C:\Users\frogg\Documents\DiscVisionDeluxe\DiscVision\Source\DiscVision\DiscProjectile.cpp(20) : error C2672: 'UObject::CreateDefaultSubobject': no matching overloaded function found
[2020.08.23-17.43.55:749][922]CompilerResultsLog:    C:\Users\frogg\Documents\DiscVisionDeluxe\DiscVision\Source\DiscVision\DiscProjectile.cpp(20) : error C2974: 'UObject::CreateDefaultSubobject': invalid template argument for 'TReturnType', type expected
[2020.08.23-17.43.55:749][922]CompilerResultsLog:   C:\Program Files\Epic Games\UE_4.25\Engine\Source\Runtime\CoreUObject\Public\UObject/Object.h(119): note: see declaration of 'UObject::CreateDefaultSubobject'
[2020.08.23-17.43.55:749][922]CompilerResultsLog:    C:\Users\frogg\Documents\DiscVisionDeluxe\DiscVision\Source\DiscVision\DiscProjectile.cpp(21) : error C2065: 'ProjectileMovementComponent': undeclared identifier
[2020.08.23-17.43.55:749][922]CompilerResultsLog:    C:\Users\frogg\Documents\DiscVisionDeluxe\DiscVision\Source\DiscVision\DiscProjectile.cpp(21) : error C2065: 'CollisionComponent': undeclared identifier
[2020.08.23-17.43.55:749][922]CompilerResultsLog:    C:\Users\frogg\Documents\DiscVisionDeluxe\DiscVision\Source\DiscVision\DiscProjectile.cpp(22) : error C2065: 'ProjectileMovementComponent': undeclared identifier
[2020.08.23-17.43.55:749][922]CompilerResultsLog:    C:\Users\frogg\Documents\DiscVisionDeluxe\DiscVision\Source\DiscVision\DiscProjectile.cpp(23) : error C2065: 'ProjectileMovementComponent': undeclared identifier
[2020.08.23-17.43.55:749][922]CompilerResultsLog:    C:\Users\frogg\Documents\DiscVisionDeluxe\DiscVision\Source\DiscVision\DiscProjectile.cpp(24) : error C2065: 'ProjectileMovementComponent': undeclared identifier
[2020.08.23-17.43.55:749][922]CompilerResultsLog:    C:\Users\frogg\Documents\DiscVisionDeluxe\DiscVision\Source\DiscVision\DiscProjectile.cpp(25) : error C2065: 'ProjectileMovementComponent': undeclared identifier
[2020.08.23-17.43.55:749][922]CompilerResultsLog:    C:\Users\frogg\Documents\DiscVisionDeluxe\DiscVision\Source\DiscVision\DiscProjectile.cpp(26) : error C2065: 'ProjectileMovementComponent': undeclared identifier
[2020.08.23-17.43.55:749][922]CompilerResultsLog:    C:\Users\frogg\Documents\DiscVisionDeluxe\DiscVision\Source\DiscVision\DiscProjectile.cpp(44) : error C2653: 'AFPSProjectile': is not a class or namespace name
[2020.08.23-17.43.55:749][922]CompilerResultsLog:    C:\Users\frogg\Documents\DiscVisionDeluxe\DiscVision\Source\DiscVision\DiscProjectile.cpp(46) : error C2065: 'ProjectileMovementComponent': undeclared identifier
[2020.08.23-17.43.55:749][922]CompilerResultsLog:    C:\Users\frogg\Documents\DiscVisionDeluxe\DiscVision\Source\DiscVision\DiscProjectile.cpp(46) : error C2065: 'ProjectileMovementComponent': undeclared identifier
[2020.08.23-17.43.55:749][922]LogMainFrame: MainFrame: Module compiling took 27.563 seconds
[2020.08.23-17.43.55:749][922]Warning: HotReload failed, recompile failed
[2020.08.23-17.43.59:269][339]LogSlate: Took 0.000583 seconds to synchronously load lazily loaded font '../../../Engine/Content/Slate/Fonts/DroidSansMono.ttf' (77K)
[2020.08.23-17.44.54:709][643]MapCheck: New page: Map Check
[2020.08.23-17.44.54:736][643]Cmd: MAP REBUILD ALLVISIBLE
[2020.08.23-17.44.54:737][643]LogEditorServer: Rebuildmap Clear paths rebuilt
[2020.08.23-17.44.54:765][643]LogWorld: UWorld::CleanupWorld for Minimal_Default, bSessionEnded=true, bCleanupResources=false
[2020.08.23-17.44.55:410][643]LogNavigationDataBuild: Display: UNavigationSystemV1::Build started...
[2020.08.23-17.44.55:410][643]LogNavigationDataBuild: Display:    Building navigation data using PHYSICS_INTERFACE_PHYSX.
[2020.08.23-17.44.55:410][643]LogNavigationDataBuild: Display:    Building navigation data using WITH_PHYSX.
[2020.08.23-17.44.55:422][643]LogUObjectHash: Compacting FUObjectHashTables data took   1.73ms
[2020.08.23-17.44.55:432][643]LogMaterial: Display: Missing cached shader map for material DebugViewMode MaterialTexCoordScale, compiling. 
[2020.08.23-17.44.55:450][643]LogMaterial: Display: Missing cached shader map for material DebugViewMode MaterialTexCoordScale, compiling. 
[2020.08.23-17.44.57:414][643]LogShaderCompilers: Display: Worker (1/5): shaders left to compile 4
[2020.08.23-17.44.57:414][643]LogShaderCompilers: Display: Worker (2/5): shaders left to compile 3
[2020.08.23-17.44.57:414][643]LogShaderCompilers: Display: Worker (3/5): shaders left to compile 2
[2020.08.23-17.44.57:414][643]LogShaderCompilers: Display: Worker (4/5): shaders left to compile 1
[2020.08.23-17.44.57:414][643]TextureStreamingBuild: Display: Compiling optional shaders took 1.987 seconds.
[2020.08.23-17.44.57:468][643]LogLevel: Display: Export Material TexCoord Scales took 0.055 seconds.
[2020.08.23-17.44.57:473][643]TextureStreamingBuild: Display: Build Texture Streaming took 0.005 seconds.
[2020.08.23-17.44.57:481][643]LogUObjectHash: Compacting FUObjectHashTables data took   0.36ms
[2020.08.23-17.44.57:502][643]LightingResults: New page: Lighting Build - Aug. 23, 2020, 9:44:57 a.m.
[2020.08.23-17.44.57:614][643]LogSwarmInterface: [OpenConnection] Registering TCP channel ...
[2020.08.23-17.44.57:705][643]LogSwarmInterface: [OpenConnection] Connecting to agent ...
[2020.08.23-17.44.57:724][643]LogSwarmInterface: [TryOpenConnection] Testing the Agent
[2020.08.23-17.44.58:764][643]LogSwarmInterface: [TryOpenConnection] Opening Connection to Agent
[2020.08.23-17.44.58:764][643]LogSwarmInterface: [TryOpenConnection] Local Process ID is 14524
[2020.08.23-17.45.05:927][643]LogStaticLightingSystem: Warning: No importance volume found, so the scene bounding box was used.  You can optimize your scene's quality and lighting build times by adding importance volumes.
[2020.08.23-17.45.05:929][643]LogStaticLightingSystem: Running Lightmass w/ ImmediateImport mode ENABLED
[2020.08.23-17.45.05:929][643]LogStaticLightingSystem: Running Lightmass w/ ImmediateProcess mode ENABLED
[2020.08.23-17.45.05:929][643]LogStaticLightingSystem: Running Lightmass w/ Sorting mode ENABLED
[2020.08.23-17.45.05:929][643]LogStaticLightingSystem: Running Lightmass w/ Mapping paddings ENABLED
[2020.08.23-17.45.05:929][643]LogStaticLightingSystem: Running Lightmass w/ Mapping debug paddings DISABLED
[2020.08.23-17.45.06:211][643]Cmd: MAP CHECK DONTDISPLAYDIALOG
[2020.08.23-17.45.06:211][643]MapCheck: New page: Minimal_Default - Aug. 23, 2020, 9:45:06 a.m.
[2020.08.23-17.45.06:216][643]MapCheck: Map check complete: 0 Error(s), 0 Warning(s), took 5.565ms to complete.
[2020.08.23-17.45.06:218][643]LogEditorBuildUtils: Build time 0:11
[2020.08.23-17.45.06:232][643]LogMaterial: Display: Missing cached shader map for material FLightmassMaterialRenderer M_Metal_Copper, compiling. 
[2020.08.23-17.45.06:240][643]LogShaderCompilers: Display: Worker (1/5): shaders left to compile 2
[2020.08.23-17.45.06:241][643]LogShaderCompilers: Display: Worker (2/5): shaders left to compile 1
[2020.08.23-17.45.06:241][643]LogMaterial: Display: Missing cached shader map for material FLightmassMaterialRenderer M_Metal_Copper, compiling. 
[2020.08.23-17.45.06:293][644]LogShaderCompilers: Display: Worker (3/5): shaders left to compile 2
[2020.08.23-17.45.06:293][644]LogShaderCompilers: Display: Worker (4/5): shaders left to compile 1
[2020.08.23-17.45.06:297][644]LogMaterial: Display: Missing cached shader map for material FLightmassMaterialRenderer MaterialInstanceDynamic_0, compiling. 
[2020.08.23-17.45.06:302][644]LogMaterial: Display: Missing cached shader map for material FLightmassMaterialRenderer MaterialInstanceDynamic_0, compiling. 
[2020.08.23-17.45.06:375][645]LogMaterial: Display: Missing cached shader map for material FLightmassMaterialRenderer WorldGridMaterial, compiling. Is special engine material.
[2020.08.23-17.45.06:382][645]LogMaterial: Display: Missing cached shader map for material FLightmassMaterialRenderer WorldGridMaterial, compiling. Is special engine material.
[2020.08.23-17.45.08:332][646]LogShaderCompilers: Display: Worker (2/5): shaders left to compile 8
[2020.08.23-17.45.08:332][646]LogShaderCompilers: Display: Worker (4/5): shaders left to compile 5
[2020.08.23-17.45.08:332][646]LogShaderCompilers: Display: Worker (3/5): shaders left to compile 3
[2020.08.23-17.45.08:332][646]LogShaderCompilers: Display: Worker (1/5): shaders left to compile 2
[2020.08.23-17.45.08:332][646]LogShaderCompilers: Display: Worker (3/5): shaders left to compile 1
[2020.08.23-17.45.08:338][647]LogSlate: Window 'Message Log' being destroyed
[2020.08.23-17.45.08:343][647]LogSlate: Window 'Message Log' being destroyed
[2020.08.23-17.45.08:582][654]LogUObjectHash: Compacting FUObjectHashTables data took   0.33ms
[2020.08.23-17.45.11:307][760]Job is a success!
[2020.08.23-17.45.11:415][761]LogVolumetricLightmapImport: Imported Volumetric Lightmap in 0.011s
[2020.08.23-17.45.11:415][761]LogVolumetricLightmapImport:      Indirection Texture 16x16x16 = 0.0Mb
[2020.08.23-17.45.11:416][761]LogVolumetricLightmapImport:      BrickData (all levels) 0.0Mb
[2020.08.23-17.45.11:416][761]LogVolumetricLightmapImport:      Bricks at depth
[2020.08.23-17.45.11:416][761]LogVolumetricLightmapImport:          0: 16.7% covering 100.0% of volume
[2020.08.23-17.45.11:416][761]LogVolumetricLightmapImport:          1: 16.7% covering 1.6% of volume
[2020.08.23-17.45.11:416][761]LogVolumetricLightmapImport:          2: 66.7% covering 0.1% of volume
[2020.08.23-17.45.11:416][761]LogVolumetricLightmapImport:      Bricks in each level
[2020.08.23-17.45.11:416][761]LogVolumetricLightmapImport:          Minimal_Default 			 6 bricks 	 100.0% (Persistent Level)
[2020.08.23-17.45.11:489][761]LogTexture: Display: Building textures: LQ_Lightmap_1_1 (DXT1, 256X256)
[2020.08.23-17.45.11:489][761]LogTexture: Display: Building textures: HQ_Lightmap1_1 (AutoDXT, 256X256)
[2020.08.23-17.45.11:489][761]LogTexture: Display: Building textures: SkyOcclusion1_1 (AutoDXT, 256X128)
[2020.08.23-17.45.11:489][761]LogTexture: Display: Building textures: LQ_Lightmap_1_2 (DXT1, 64X64)
[2020.08.23-17.45.11:489][761]LogTexture: Display: Building textures: HQ_Lightmap1_2 (AutoDXT, 64X64)
[2020.08.23-17.45.11:489][761]LogTexture: Display: Building textures: SkyOcclusion1_2 (AutoDXT, 64X32)
[2020.08.23-17.45.11:489][761]LogTexture: Display: Building textures: ShadowMapTexture2D_1 (G8, 32X32)
[2020.08.23-17.45.11:489][761]LogTexture: Display: Building textures: ShadowMapTexture2D_0 (G8, 128X128)
[2020.08.23-17.45.11:489][761]LogStaticLightingSystem: Minimal_Default_BuiltData storing lightmap data for 2 meshes in 2 LightmapResourceClusters (1.0 Meshes per cluster).
[2020.08.23-17.45.11:500][761]LogUObjectHash: Compacting FUObjectHashTables data took   0.97ms
[2020.08.23-17.45.11:519][761]Lightmass on DESKTOP-EAU1MTB: 1.44 sec total, 275 ms importing, 37 ms setup, 128 ms photons, 887 ms processing, 0 ms extra exporting [2/2 mappings]. Threads: 6.20 sec total, 437 ms processing.
[2020.08.23-17.45.11:546][761]LogStaticLightingSystem: Illumination: 13.9 sec (16 ms encoding lightmaps, 21 ms encoding shadowmaps)
[2020.08.23-17.45.11:546][761]LogStaticLightingSystem: Lightmap texture memory:  0.2 MB (0.2 MB streaming, 0.0 MB non-streaming), 4 textures
[2020.08.23-17.45.11:546][761]LogStaticLightingSystem: Shadowmap texture memory: 0.0 MB (0.0 MB streaming, 0.0 MB non-streaming), 2 textures
[2020.08.23-17.45.11:939][761]DumpUnbuiltLightIteractions
[2020.08.23-17.45.11:939][761]Lights with unbuilt interactions: 0
[2020.08.23-17.45.11:939][761]
[2020.08.23-17.45.11:939][761]Primitives with unbuilt interactions: 0
[2020.08.23-17.45.12:064][762]Cmd: MAP CHECK NOTIFYRESULTS
[2020.08.23-17.45.12:064][762]MapCheck: New page: Minimal_Default - Aug. 23, 2020, 9:45:12 a.m.
[2020.08.23-17.45.12:064][762]MapCheck: Map check complete: 0 Error(s), 0 Warning(s), took 0.554ms to complete.
[2020.08.23-17.52.41:999][195]LogUObjectHash: Compacting FUObjectHashTables data took   0.74ms
[2020.08.23-17.52.42:049][195]LogSavePackage: Moving '../../../../../../Users/frogg/Documents/DiscVisionDeluxe/DiscVision/Saved/Minimal_Default_Auto166F6B5574EBB24368DBB92935AEDE1C8.tmp' to '../../../../../../Users/frogg/Documents/DiscVisionDeluxe/DiscVision/Saved/Autosaves/Game/StarterContent/Maps/Minimal_Default_Auto1.umap'
[2020.08.23-17.52.42:059][195]LogFileHelpers: Editor autosave (incl. sublevels) for '/Game/StarterContent/Maps/Minimal_Default' took 0.068
[2020.08.23-17.52.42:059][195]LogFileHelpers: Editor autosave (incl. sublevels) for all levels took 0.068
[2020.08.23-18.02.45:529][706]LogUObjectHash: Compacting FUObjectHashTables data took   0.33ms
[2020.08.23-18.02.45:531][706]LogFileHelpers: Editor autosave (incl. sublevels) for '/Game/StarterContent/Maps/Minimal_Default' took 0.010
[2020.08.23-18.11.42:819][835]Running C:/Program Files/Epic Games/UE_4.25/Engine/Binaries/DotNET/UnrealBuildTool.exe  -projectfiles -project="C:/Users/frogg/Documents/DiscVisionDeluxe/DiscVision/DiscVision.uproject" -game -rocket -progress
[2020.08.23-18.11.43:225][835]Discovering modules, targets and source code for project...
[2020.08.23-18.11.48:166][835]Binding IntelliSense data...
[2020.08.23-18.11.56:850][835]Binding IntelliSense data... 100%
[2020.08.23-18.11.56:850][835]Writing project files...
[2020.08.23-18.12.04:717][835]Writing project files... 100%
[2020.08.23-18.12.57:707][ 64]LogUObjectHash: Compacting FUObjectHashTables data took   0.84ms
[2020.08.23-18.12.57:712][ 64]LogFileHelpers: Editor autosave (incl. sublevels) for '/Game/StarterContent/Maps/Minimal_Default' took 0.013
[2020.08.23-18.13.25:910][378]LogSlate: WidgetSwitcher ('None') active index changed to -1
[2020.08.23-18.13.25:910][378]LogSlate: WidgetSwitcher ('None') active index changed to 0
[2020.08.23-18.13.28:140][618]LogSlate: WidgetSwitcher ('None') active index changed to 1
[2020.08.23-18.13.36:150][557]Running C:/Program Files/Epic Games/UE_4.25/Engine/Binaries/DotNET/UnrealBuildTool.exe  -projectfiles -project="C:/Users/frogg/Documents/DiscVisionDeluxe/DiscVision/DiscVision.uproject" -game -rocket -progress
[2020.08.23-18.13.36:656][557]Discovering modules, targets and source code for project...
[2020.08.23-18.13.38:673][557]Binding IntelliSense data...
[2020.08.23-18.13.41:405][557]Binding IntelliSense data... 100%
[2020.08.23-18.13.41:405][557]Writing project files...
[2020.08.23-18.13.48:363][557]Writing project files... 100%
[2020.08.23-18.13.48:708][557]Candidate modules for hot reload:
[2020.08.23-18.13.48:708][557]  DiscVision
[2020.08.23-18.13.48:708][557]Launching UnrealBuildTool... [C:/Program Files/Epic Games/UE_4.25/Engine/Binaries/DotNET/UnrealBuildTool.exe  -ModuleWithSuffix=DiscVision,4592 DiscVisionEditor Win64 Development -Project="C:/Users/frogg/Documents/DiscVisionDeluxe/DiscVision/DiscVision.uproject" "C:/Users/frogg/Documents/DiscVisionDeluxe/DiscVision/DiscVision.uproject"  -IgnoreJunk]
[2020.08.23-18.14.35:007][557]CompilerResultsLog: New page: Compilation - Aug. 23, 2020, 10:14:34 a.m.
[2020.08.23-18.14.35:041][557]CompilerResultsLog: Using 'git status' to determine working set for adaptive non-unity build (C:\Users\frogg\Documents\DiscVisionDeluxe).
[2020.08.23-18.14.35:041][557]CompilerResultsLog: Creating makefile for DiscVisionEditor (no existing makefile)
[2020.08.23-18.14.35:041][557]CompilerResultsLog: Parsing headers for DiscVisionEditor
[2020.08.23-18.14.35:041][557]CompilerResultsLog:   Running UnrealHeaderTool "C:\Users\frogg\Documents\DiscVisionDeluxe\DiscVision\DiscVision.uproject" "C:\Users\frogg\Documents\DiscVisionDeluxe\DiscVision\Intermediate\Build\Win64\DiscVisionEditor\Development\DiscVisionEditor.uhtmanifest" -LogCmds="loginit warning, logexit warning, logdatabase error" -Unattended -WarningsAsErrors -abslog="C:\Users\frogg\AppData\Local\UnrealBuildTool\Log_UHT.txt" -installed
[2020.08.23-18.14.35:041][557]CompilerResultsLog: Reflection code generated for DiscVisionEditor in 38.4250611 seconds
[2020.08.23-18.14.35:041][557]CompilerResultsLog: Building DiscVisionEditor...
[2020.08.23-18.14.35:041][557]CompilerResultsLog: Using Visual Studio 2019 14.26.28806 toolchain (C:\Program Files (x86)\Microsoft Visual Studio\2019\Community\VC\Tools\MSVC\14.26.28801) and Windows 10.0.17763.0 SDK (C:\Program Files (x86)\Windows Kits\10).
[2020.08.23-18.14.35:041][557]CompilerResultsLog: Building 6 actions with 8 processes...
[2020.08.23-18.14.35:041][557]CompilerResultsLog:   [1/6] DiscVision.init.gen.cpp
[2020.08.23-18.14.35:041][557]CompilerResultsLog:   [2/6] DiscPlayer.cpp
[2020.08.23-18.14.35:041][557]CompilerResultsLog:   [3/6] DiscPlayer.gen.cpp
[2020.08.23-18.14.35:041][557]CompilerResultsLog:   [4/6] UE4Editor-DiscVision-4592.lib
[2020.08.23-18.14.35:041][557]CompilerResultsLog:      Creating library C:\Users\frogg\Documents\DiscVisionDeluxe\DiscVision\Intermediate\Build\Win64\UE4Editor\Development\DiscVision\UE4Editor-DiscVision-4592.lib and object C:\Users\frogg\Documents\DiscVisionDeluxe\DiscVision\Intermediate\Build\Win64\UE4Editor\Development\DiscVision\UE4Editor-DiscVision-4592.exp
[2020.08.23-18.14.35:041][557]CompilerResultsLog:   [5/6] UE4Editor-DiscVision-4592.dll
[2020.08.23-18.14.35:041][557]CompilerResultsLog:      Creating library C:\Users\frogg\Documents\DiscVisionDeluxe\DiscVision\Intermediate\Build\Win64\UE4Editor\Development\DiscVision\UE4Editor-DiscVision-4592.suppressed.lib and object C:\Users\frogg\Documents\DiscVisionDeluxe\DiscVision\Intermediate\Build\Win64\UE4Editor\Development\DiscVision\UE4Editor-DiscVision-4592.suppressed.exp
[2020.08.23-18.14.35:041][557]CompilerResultsLog:   [6/6] DiscVisionEditor.target
[2020.08.23-18.14.35:041][557]CompilerResultsLog: Total time in Parallel executor: 4.90 seconds
[2020.08.23-18.14.35:041][557]CompilerResultsLog: Total execution time: 46.09 seconds
[2020.08.23-18.14.35:042][557]LogMainFrame: MainFrame: Module compiling took 46.337 seconds
[2020.08.23-18.14.37:279][557]LogClass: Could not find existing class DiscPlayer in package /Script/DiscVision for HotReload, assuming new class
[2020.08.23-18.14.37:387][557]LogClass: Could not find existing class FPSCharacter in package /Script/DiscVision for HotReload, assuming new class
[2020.08.23-18.14.38:063][557]LogContentBrowser: Native class hierarchy updated for 'DiscVision' in 0.0449 seconds. Added 3 classes and 2 folders.
[2020.08.23-18.14.38:081][557]Display: HotReload successful (0 functions remapped  0 scriptstructs remapped)
[2020.08.23-18.14.41:676][557]LogContentBrowser: Native class hierarchy populated in 0.0389 seconds. Added 3430 classes and 823 folders.
[2020.08.23-18.14.41:678][557]Display: HotReload took 53.0s.
[2020.08.23-18.14.41:683][557]Warning: HotReload operation took 53.0s.
[2020.08.23-18.14.42:529][557]LogSlate: Window 'Add C++ Class' being destroyed
[2020.08.23-18.14.42:607][558]LogHotReload: New module detected: UE4Editor-DiscVision-4592.dll
[2020.08.23-18.14.42:649][559]LogHotReload: Starting Hot-Reload from IDE
[2020.08.23-18.14.42:677][559]LogContentBrowser: Native class hierarchy updated for 'DiscVision' in 0.0005 seconds. Added 3 classes and 2 folders.
[2020.08.23-18.14.42:678][559]Display: HotReload successful (0 functions remapped  0 scriptstructs remapped)
[2020.08.23-18.14.42:697][559]LogContentBrowser: Native class hierarchy populated in 0.0133 seconds. Added 3430 classes and 823 folders.
[2020.08.23-18.14.42:702][559]Display: HotReload took  0.1s.
[2020.08.23-18.15.59:117][150]LogSlate: Prevented a slow task dialog from being summoned while a context menu was open
[2020.08.23-18.22.58:172][606]LogUObjectHash: Compacting FUObjectHashTables data took   1.51ms
[2020.08.23-18.22.58:182][606]LogFileHelpers: Editor autosave (incl. sublevels) for '/Game/StarterContent/Maps/Minimal_Default' took 0.022
[2020.08.23-18.32.58:845][396]LogUObjectHash: Compacting FUObjectHashTables data took   0.74ms
[2020.08.23-18.32.58:855][396]LogFileHelpers: Editor autosave (incl. sublevels) for '/Game/StarterContent/Maps/Minimal_Default' took 0.035
[2020.08.23-18.43.01:282][187]LogUObjectHash: Compacting FUObjectHashTables data took   0.47ms
[2020.08.23-18.43.01:287][187]LogFileHelpers: Editor autosave (incl. sublevels) for '/Game/StarterContent/Maps/Minimal_Default' took 0.017
[2020.08.23-18.53.01:720][979]LogUObjectHash: Compacting FUObjectHashTables data took   0.75ms
[2020.08.23-18.53.01:723][979]LogFileHelpers: Editor autosave (incl. sublevels) for '/Game/StarterContent/Maps/Minimal_Default' took 0.023
[2020.08.23-19.03.02:142][771]LogUObjectHash: Compacting FUObjectHashTables data took   0.39ms
[2020.08.23-19.03.02:144][771]LogFileHelpers: Editor autosave (incl. sublevels) for '/Game/StarterContent/Maps/Minimal_Default' took 0.019
[2020.08.23-19.13.02:677][563]LogUObjectHash: Compacting FUObjectHashTables data took   0.73ms
[2020.08.23-19.13.02:684][563]LogFileHelpers: Editor autosave (incl. sublevels) for '/Game/StarterContent/Maps/Minimal_Default' took 0.029
[2020.08.23-19.23.03:081][355]LogUObjectHash: Compacting FUObjectHashTables data took   0.57ms
[2020.08.23-19.23.03:084][355]LogFileHelpers: Editor autosave (incl. sublevels) for '/Game/StarterContent/Maps/Minimal_Default' took 0.015
[2020.08.23-19.33.03:749][148]LogUObjectHash: Compacting FUObjectHashTables data took   0.51ms
[2020.08.23-19.33.03:751][148]LogFileHelpers: Editor autosave (incl. sublevels) for '/Game/StarterContent/Maps/Minimal_Default' took 0.022
[2020.08.23-19.43.04:374][941]LogUObjectHash: Compacting FUObjectHashTables data took   0.35ms
[2020.08.23-19.43.04:375][941]LogFileHelpers: Editor autosave (incl. sublevels) for '/Game/StarterContent/Maps/Minimal_Default' took 0.013
[2020.08.23-19.53.04:790][733]LogUObjectHash: Compacting FUObjectHashTables data took   0.96ms
[2020.08.23-19.53.04:792][733]LogFileHelpers: Editor autosave (incl. sublevels) for '/Game/StarterContent/Maps/Minimal_Default' took 0.021
[2020.08.23-20.03.05:505][526]LogUObjectHash: Compacting FUObjectHashTables data took   0.30ms
[2020.08.23-20.03.05:506][526]LogFileHelpers: Editor autosave (incl. sublevels) for '/Game/StarterContent/Maps/Minimal_Default' took 0.017
[2020.08.23-20.13.06:108][319]LogUObjectHash: Compacting FUObjectHashTables data took   0.38ms
[2020.08.23-20.13.06:109][319]LogFileHelpers: Editor autosave (incl. sublevels) for '/Game/StarterContent/Maps/Minimal_Default' took 0.016
[2020.08.23-20.23.06:702][112]LogUObjectHash: Compacting FUObjectHashTables data took   0.31ms
[2020.08.23-20.23.06:706][112]LogFileHelpers: Editor autosave (incl. sublevels) for '/Game/StarterContent/Maps/Minimal_Default' took 0.023
[2020.08.23-20.33.07:219][ 49]LogUObjectHash: Compacting FUObjectHashTables data took   0.41ms
[2020.08.23-20.33.07:221][ 49]LogFileHelpers: Editor autosave (incl. sublevels) for '/Game/StarterContent/Maps/Minimal_Default' took 0.032
